{"C:\\Users\\Silvia Subirana\\Documents\\uniHealthA\\backend\\src\\app.controller.ts": {"path":"C:\\Users\\Silvia Subirana\\Documents\\uniHealthA\\backend\\src\\app.controller.ts","statementMap":{"0":{"start":{"line":1,"column":0},"end":{"line":1,"column":49}},"1":{"start":{"line":2,"column":0},"end":{"line":2,"column":43}},"2":{"start":{"line":5,"column":7},"end":{"line":12,"column":null}},"3":{"start":{"line":6,"column":31},"end":{"line":6,"column":43}},"4":{"start":{"line":10,"column":4},"end":{"line":10,"column":38}},"5":{"start":{"line":5,"column":13},"end":{"line":5,"column":26}},"6":{"start":{"line":9,"column":2},"end":{"line":11,"column":null}},"7":{"start":{"line":5,"column":13},"end":{"line":12,"column":null}}},"fnMap":{"0":{"name":"(anonymous_2)","decl":{"start":{"line":6,"column":2},"end":{"line":6,"column":31}},"loc":{"start":{"line":6,"column":53},"end":{"line":6,"column":57}}},"1":{"name":"(anonymous_3)","decl":{"start":{"line":9,"column":2},"end":{"line":9,"column":10}},"loc":{"start":{"line":9,"column":10},"end":{"line":11,"column":3}}}},"branchMap":{"0":{"loc":{"start":{"line":6,"column":43},"end":{"line":6,"column":56}},"type":"cond-expr","locations":[{"start":{"line":6,"column":53},"end":{"line":6,"column":56}},{"start":{"line":6,"column":53},"end":{"line":6,"column":56}}]},"1":{"loc":{"start":{"line":6,"column":43},"end":{"line":6,"column":53}},"type":"binary-expr","locations":[{"start":{"line":6,"column":43},"end":{"line":6,"column":56}},{"start":{"line":6,"column":43},"end":{"line":6,"column":53}}]}},"s":{"0":1,"1":1,"2":1,"3":1,"4":1,"5":1,"6":1,"7":1},"f":{"0":1,"1":1},"b":{"0":[1,0],"1":[1,1]}}
,"C:\\Users\\Silvia Subirana\\Documents\\uniHealthA\\backend\\src\\app.module.ts": {"path":"C:\\Users\\Silvia Subirana\\Documents\\uniHealthA\\backend\\src\\app.module.ts","statementMap":{"0":{"start":{"line":1,"column":0},"end":{"line":1,"column":40}},"1":{"start":{"line":2,"column":0},"end":{"line":2,"column":46}},"2":{"start":{"line":3,"column":0},"end":{"line":3,"column":54}},"3":{"start":{"line":4,"column":0},"end":{"line":4,"column":51}},"4":{"start":{"line":5,"column":0},"end":{"line":5,"column":51}},"5":{"start":{"line":6,"column":0},"end":{"line":6,"column":48}},"6":{"start":{"line":7,"column":0},"end":{"line":7,"column":60}},"7":{"start":{"line":8,"column":0},"end":{"line":8,"column":83}},"8":{"start":{"line":9,"column":0},"end":{"line":9,"column":54}},"9":{"start":{"line":10,"column":0},"end":{"line":10,"column":69}},"10":{"start":{"line":11,"column":0},"end":{"line":11,"column":54}},"11":{"start":{"line":12,"column":0},"end":{"line":12,"column":72}},"12":{"start":{"line":13,"column":0},"end":{"line":13,"column":75}},"13":{"start":{"line":14,"column":0},"end":{"line":14,"column":51}},"14":{"start":{"line":15,"column":0},"end":{"line":15,"column":66}},"15":{"start":{"line":16,"column":0},"end":{"line":16,"column":54}},"16":{"start":{"line":17,"column":0},"end":{"line":17,"column":80}},"17":{"start":{"line":18,"column":0},"end":{"line":18,"column":43}},"18":{"start":{"line":19,"column":0},"end":{"line":19,"column":53}},"19":{"start":{"line":20,"column":0},"end":{"line":20,"column":53}},"20":{"start":{"line":21,"column":0},"end":{"line":21,"column":47}},"21":{"start":{"line":22,"column":0},"end":{"line":22,"column":61}},"22":{"start":{"line":71,"column":7},"end":{"line":71,"column":null}},"23":{"start":{"line":71,"column":13},"end":{"line":71,"column":22}},"24":{"start":{"line":71,"column":13},"end":{"line":71,"column":null}}},"fnMap":{},"branchMap":{"0":{"loc":{"start":{"line":29,"column":15},"end":{"line":29,"column":71}},"type":"cond-expr","locations":[{"start":{"line":29,"column":55},"end":{"line":29,"column":61}},{"start":{"line":29,"column":64},"end":{"line":29,"column":71}}]},"1":{"loc":{"start":{"line":30,"column":19},"end":{"line":39,"column":23}},"type":"cond-expr","locations":[{"start":{"line":31,"column":14},"end":{"line":38,"column":null}},{"start":{"line":39,"column":14},"end":{"line":39,"column":23}}]}},"s":{"0":1,"1":1,"2":1,"3":1,"4":1,"5":1,"6":1,"7":1,"8":1,"9":1,"10":1,"11":1,"12":1,"13":1,"14":1,"15":1,"16":1,"17":1,"18":1,"19":1,"20":1,"21":1,"22":1,"23":1,"24":1},"f":{},"b":{"0":[0,1],"1":[0,1]}}
,"C:\\Users\\Silvia Subirana\\Documents\\uniHealthA\\backend\\src\\app.service.ts": {"path":"C:\\Users\\Silvia Subirana\\Documents\\uniHealthA\\backend\\src\\app.service.ts","statementMap":{"0":{"start":{"line":1,"column":0},"end":{"line":1,"column":44}},"1":{"start":{"line":4,"column":7},"end":{"line":8,"column":null}},"2":{"start":{"line":6,"column":4},"end":{"line":6,"column":26}},"3":{"start":{"line":4,"column":13},"end":{"line":4,"column":23}},"4":{"start":{"line":4,"column":13},"end":{"line":8,"column":null}}},"fnMap":{"0":{"name":"(anonymous_1)","decl":{"start":{"line":5,"column":2},"end":{"line":5,"column":10}},"loc":{"start":{"line":5,"column":10},"end":{"line":7,"column":3}}}},"branchMap":{},"s":{"0":1,"1":1,"2":1,"3":1,"4":1},"f":{"0":1},"b":{}}
,"C:\\Users\\Silvia Subirana\\Documents\\uniHealthA\\backend\\src\\access\\access.controller.ts": {"path":"C:\\Users\\Silvia Subirana\\Documents\\uniHealthA\\backend\\src\\access\\access.controller.ts","statementMap":{"0":{"start":{"line":1,"column":0},"end":{"line":1,"column":96}},"1":{"start":{"line":2,"column":0},"end":{"line":2,"column":49}},"2":{"start":{"line":3,"column":0},"end":{"line":3,"column":45}},"3":{"start":{"line":7,"column":7},"end":{"line":25,"column":null}},"4":{"start":{"line":8,"column":31},"end":{"line":8,"column":46}},"5":{"start":{"line":12,"column":4},"end":{"line":12,"column":102}},"6":{"start":{"line":17,"column":4},"end":{"line":17,"column":75}},"7":{"start":{"line":23,"column":4},"end":{"line":23,"column":71}},"8":{"start":{"line":7,"column":13},"end":{"line":7,"column":29}},"9":{"start":{"line":11,"column":2},"end":{"line":13,"column":null}},"10":{"start":{"line":16,"column":2},"end":{"line":18,"column":null}},"11":{"start":{"line":21,"column":2},"end":{"line":24,"column":null}},"12":{"start":{"line":7,"column":13},"end":{"line":25,"column":null}}},"fnMap":{"0":{"name":"(anonymous_4)","decl":{"start":{"line":8,"column":2},"end":{"line":8,"column":31}},"loc":{"start":{"line":8,"column":59},"end":{"line":8,"column":63}}},"1":{"name":"(anonymous_5)","decl":{"start":{"line":11,"column":2},"end":{"line":11,"column":13}},"loc":{"start":{"line":11,"column":95},"end":{"line":13,"column":3}}},"2":{"name":"(anonymous_6)","decl":{"start":{"line":16,"column":2},"end":{"line":16,"column":14}},"loc":{"start":{"line":16,"column":65},"end":{"line":18,"column":3}}},"3":{"name":"(anonymous_7)","decl":{"start":{"line":21,"column":2},"end":{"line":21,"column":13}},"loc":{"start":{"line":21,"column":67},"end":{"line":24,"column":3}}}},"branchMap":{"0":{"loc":{"start":{"line":8,"column":46},"end":{"line":8,"column":62}},"type":"cond-expr","locations":[{"start":{"line":8,"column":59},"end":{"line":8,"column":62}},{"start":{"line":8,"column":59},"end":{"line":8,"column":62}}]},"1":{"loc":{"start":{"line":8,"column":46},"end":{"line":8,"column":59}},"type":"binary-expr","locations":[{"start":{"line":8,"column":46},"end":{"line":8,"column":62}},{"start":{"line":8,"column":46},"end":{"line":8,"column":59}}]}},"s":{"0":2,"1":2,"2":2,"3":2,"4":5,"5":1,"6":1,"7":1,"8":2,"9":2,"10":2,"11":2,"12":2},"f":{"0":5,"1":1,"2":1,"3":1},"b":{"0":[2,0],"1":[2,2]}}
,"C:\\Users\\Silvia Subirana\\Documents\\uniHealthA\\backend\\src\\access\\access.module.ts": {"path":"C:\\Users\\Silvia Subirana\\Documents\\uniHealthA\\backend\\src\\access\\access.module.ts","statementMap":{"0":{"start":{"line":1,"column":0},"end":{"line":1,"column":40}},"1":{"start":{"line":2,"column":0},"end":{"line":2,"column":49}},"2":{"start":{"line":3,"column":0},"end":{"line":3,"column":55}},"3":{"start":{"line":4,"column":0},"end":{"line":4,"column":55}},"4":{"start":{"line":12,"column":7},"end":{"line":12,"column":null}},"5":{"start":{"line":12,"column":13},"end":{"line":12,"column":25}},"6":{"start":{"line":12,"column":13},"end":{"line":12,"column":null}}},"fnMap":{},"branchMap":{},"s":{"0":1,"1":1,"2":1,"3":1,"4":1,"5":1,"6":1},"f":{},"b":{}}
,"C:\\Users\\Silvia Subirana\\Documents\\uniHealthA\\backend\\src\\access\\access.service.ts": {"path":"C:\\Users\\Silvia Subirana\\Documents\\uniHealthA\\backend\\src\\access\\access.service.ts","statementMap":{"0":{"start":{"line":1,"column":0},"end":{"line":1,"column":88}},"1":{"start":{"line":2,"column":0},"end":{"line":2,"column":57}},"2":{"start":{"line":3,"column":0},"end":{"line":3,"column":33}},"3":{"start":{"line":6,"column":7},"end":{"line":82,"column":null}},"4":{"start":{"line":7,"column":22},"end":{"line":7,"column":30}},"5":{"start":{"line":11,"column":20},"end":{"line":11,"column":91}},"6":{"start":{"line":12,"column":4},"end":{"line":14,"column":5}},"7":{"start":{"line":13,"column":6},"end":{"line":13,"column":62}},"8":{"start":{"line":16,"column":23},"end":{"line":16,"column":65}},"9":{"start":{"line":17,"column":4},"end":{"line":19,"column":5}},"10":{"start":{"line":18,"column":6},"end":{"line":18,"column":53}},"11":{"start":{"line":23,"column":21},"end":{"line":29,"column":6}},"12":{"start":{"line":31,"column":4},"end":{"line":40,"column":5}},"13":{"start":{"line":32,"column":8},"end":{"line":39,"column":11}},"14":{"start":{"line":42,"column":4},"end":{"line":49,"column":7}},"15":{"start":{"line":53,"column":4},"end":{"line":62,"column":7}},"16":{"start":{"line":66,"column":18},"end":{"line":72,"column":6}},"17":{"start":{"line":74,"column":4},"end":{"line":74,"column":29}},"18":{"start":{"line":74,"column":16},"end":{"line":74,"column":29}},"19":{"start":{"line":75,"column":4},"end":{"line":79,"column":5}},"20":{"start":{"line":77,"column":8},"end":{"line":77,"column":53}},"21":{"start":{"line":78,"column":8},"end":{"line":78,"column":21}},"22":{"start":{"line":80,"column":4},"end":{"line":80,"column":17}},"23":{"start":{"line":6,"column":13},"end":{"line":6,"column":26}},"24":{"start":{"line":6,"column":13},"end":{"line":82,"column":null}}},"fnMap":{"0":{"name":"(anonymous_11)","decl":{"start":{"line":7,"column":2},"end":{"line":7,"column":22}},"loc":{"start":{"line":7,"column":43},"end":{"line":7,"column":47}}},"1":{"name":"(anonymous_12)","decl":{"start":{"line":9,"column":2},"end":{"line":9,"column":7}},"loc":{"start":{"line":9,"column":86},"end":{"line":50,"column":3}}},"2":{"name":"(anonymous_13)","decl":{"start":{"line":52,"column":2},"end":{"line":52,"column":7}},"loc":{"start":{"line":52,"column":56},"end":{"line":63,"column":3}}},"3":{"name":"(anonymous_14)","decl":{"start":{"line":65,"column":2},"end":{"line":65,"column":7}},"loc":{"start":{"line":65,"column":55},"end":{"line":81,"column":3}}}},"branchMap":{"0":{"loc":{"start":{"line":12,"column":4},"end":{"line":14,"column":5}},"type":"if","locations":[{"start":{"line":12,"column":4},"end":{"line":14,"column":5}},{"start":{},"end":{}}]},"1":{"loc":{"start":{"line":12,"column":8},"end":{"line":12,"column":36}},"type":"binary-expr","locations":[{"start":{"line":12,"column":8},"end":{"line":12,"column":16}},{"start":{"line":12,"column":20},"end":{"line":12,"column":36}}]},"2":{"loc":{"start":{"line":17,"column":4},"end":{"line":19,"column":5}},"type":"if","locations":[{"start":{"line":17,"column":4},"end":{"line":19,"column":5}},{"start":{},"end":{}}]},"3":{"loc":{"start":{"line":31,"column":4},"end":{"line":40,"column":5}},"type":"if","locations":[{"start":{"line":31,"column":4},"end":{"line":40,"column":5}},{"start":{},"end":{}}]},"4":{"loc":{"start":{"line":74,"column":4},"end":{"line":74,"column":29}},"type":"if","locations":[{"start":{"line":74,"column":4},"end":{"line":74,"column":29}},{"start":{},"end":{}}]},"5":{"loc":{"start":{"line":75,"column":4},"end":{"line":79,"column":5}},"type":"if","locations":[{"start":{"line":75,"column":4},"end":{"line":79,"column":5}},{"start":{},"end":{}}]},"6":{"loc":{"start":{"line":75,"column":8},"end":{"line":75,"column":55}},"type":"binary-expr","locations":[{"start":{"line":75,"column":8},"end":{"line":75,"column":23}},{"start":{"line":75,"column":27},"end":{"line":75,"column":55}}]},"7":{"loc":{"start":{"line":7,"column":30},"end":{"line":7,"column":46}},"type":"cond-expr","locations":[{"start":{"line":7,"column":43},"end":{"line":7,"column":46}},{"start":{"line":7,"column":43},"end":{"line":7,"column":46}}]},"8":{"loc":{"start":{"line":7,"column":30},"end":{"line":7,"column":43}},"type":"binary-expr","locations":[{"start":{"line":7,"column":30},"end":{"line":7,"column":46}},{"start":{"line":7,"column":30},"end":{"line":7,"column":43}}]}},"s":{"0":5,"1":5,"2":5,"3":5,"4":12,"5":5,"6":5,"7":2,"8":3,"9":3,"10":1,"11":2,"12":2,"13":1,"14":1,"15":2,"16":4,"17":4,"18":1,"19":3,"20":1,"21":1,"22":2,"23":5,"24":5},"f":{"0":12,"1":5,"2":2,"3":4},"b":{"0":[2,3],"1":[5,4],"2":[1,2],"3":[1,1],"4":[1,3],"5":[1,2],"6":[3,2],"7":[5,0],"8":[5,5]}}
,"C:\\Users\\Silvia Subirana\\Documents\\uniHealthA\\backend\\src\\alerts\\alerts.controller.ts": {"path":"C:\\Users\\Silvia Subirana\\Documents\\uniHealthA\\backend\\src\\alerts\\alerts.controller.ts","statementMap":{"0":{"start":{"line":1,"column":0},"end":{"line":1,"column":103}},"1":{"start":{"line":2,"column":0},"end":{"line":2,"column":49}},"2":{"start":{"line":3,"column":0},"end":{"line":3,"column":56}},"3":{"start":{"line":4,"column":0},"end":{"line":4,"column":56}},"4":{"start":{"line":5,"column":0},"end":{"line":5,"column":45}},"5":{"start":{"line":9,"column":7},"end":{"line":36,"column":null}},"6":{"start":{"line":10,"column":31},"end":{"line":10,"column":46}},"7":{"start":{"line":14,"column":4},"end":{"line":14,"column":53}},"8":{"start":{"line":19,"column":4},"end":{"line":19,"column":40}},"9":{"start":{"line":24,"column":4},"end":{"line":24,"column":43}},"10":{"start":{"line":29,"column":4},"end":{"line":29,"column":58}},"11":{"start":{"line":34,"column":4},"end":{"line":34,"column":59}},"12":{"start":{"line":9,"column":13},"end":{"line":9,"column":29}},"13":{"start":{"line":13,"column":2},"end":{"line":15,"column":null}},"14":{"start":{"line":18,"column":2},"end":{"line":20,"column":null}},"15":{"start":{"line":23,"column":2},"end":{"line":25,"column":null}},"16":{"start":{"line":28,"column":2},"end":{"line":30,"column":null}},"17":{"start":{"line":33,"column":2},"end":{"line":35,"column":null}},"18":{"start":{"line":9,"column":13},"end":{"line":36,"column":null}}},"fnMap":{"0":{"name":"(anonymous_4)","decl":{"start":{"line":10,"column":2},"end":{"line":10,"column":31}},"loc":{"start":{"line":10,"column":59},"end":{"line":10,"column":63}}},"1":{"name":"(anonymous_5)","decl":{"start":{"line":13,"column":2},"end":{"line":13,"column":8}},"loc":{"start":{"line":13,"column":47},"end":{"line":15,"column":3}}},"2":{"name":"(anonymous_6)","decl":{"start":{"line":18,"column":2},"end":{"line":18,"column":9}},"loc":{"start":{"line":18,"column":9},"end":{"line":20,"column":3}}},"3":{"name":"(anonymous_7)","decl":{"start":{"line":23,"column":2},"end":{"line":23,"column":9}},"loc":{"start":{"line":23,"column":33},"end":{"line":25,"column":3}}},"4":{"name":"(anonymous_8)","decl":{"start":{"line":28,"column":2},"end":{"line":28,"column":8}},"loc":{"start":{"line":28,"column":72},"end":{"line":30,"column":3}}},"5":{"name":"(anonymous_9)","decl":{"start":{"line":33,"column":2},"end":{"line":33,"column":8}},"loc":{"start":{"line":33,"column":48},"end":{"line":35,"column":3}}}},"branchMap":{"0":{"loc":{"start":{"line":13,"column":33},"end":{"line":13,"column":null}},"type":"cond-expr","locations":[{"start":{"line":13,"column":47},"end":{"line":13,"column":null}},{"start":{"line":13,"column":47},"end":{"line":13,"column":null}}]},"1":{"loc":{"start":{"line":13,"column":33},"end":{"line":13,"column":47}},"type":"binary-expr","locations":[{"start":{"line":13,"column":33},"end":{"line":13,"column":null}},{"start":{"line":13,"column":33},"end":{"line":13,"column":47}}]},"2":{"loc":{"start":{"line":28,"column":58},"end":{"line":28,"column":null}},"type":"cond-expr","locations":[{"start":{"line":28,"column":72},"end":{"line":28,"column":null}},{"start":{"line":28,"column":72},"end":{"line":28,"column":null}}]},"3":{"loc":{"start":{"line":28,"column":58},"end":{"line":28,"column":72}},"type":"binary-expr","locations":[{"start":{"line":28,"column":58},"end":{"line":28,"column":null}},{"start":{"line":28,"column":58},"end":{"line":28,"column":72}}]},"4":{"loc":{"start":{"line":10,"column":46},"end":{"line":10,"column":62}},"type":"cond-expr","locations":[{"start":{"line":10,"column":59},"end":{"line":10,"column":62}},{"start":{"line":10,"column":59},"end":{"line":10,"column":62}}]},"5":{"loc":{"start":{"line":10,"column":46},"end":{"line":10,"column":59}},"type":"binary-expr","locations":[{"start":{"line":10,"column":46},"end":{"line":10,"column":62}},{"start":{"line":10,"column":46},"end":{"line":10,"column":59}}]}},"s":{"0":3,"1":3,"2":3,"3":3,"4":3,"5":3,"6":7,"7":1,"8":1,"9":1,"10":1,"11":1,"12":3,"13":3,"14":3,"15":3,"16":3,"17":3,"18":3},"f":{"0":7,"1":1,"2":1,"3":1,"4":1,"5":1},"b":{"0":[3,0],"1":[3,3],"2":[3,0],"3":[3,3],"4":[3,0],"5":[3,3]}}
,"C:\\Users\\Silvia Subirana\\Documents\\uniHealthA\\backend\\src\\alerts\\alerts.module.ts": {"path":"C:\\Users\\Silvia Subirana\\Documents\\uniHealthA\\backend\\src\\alerts\\alerts.module.ts","statementMap":{"0":{"start":{"line":1,"column":0},"end":{"line":1,"column":40}},"1":{"start":{"line":2,"column":0},"end":{"line":2,"column":49}},"2":{"start":{"line":3,"column":0},"end":{"line":3,"column":55}},"3":{"start":{"line":4,"column":0},"end":{"line":4,"column":44}},"4":{"start":{"line":15,"column":7},"end":{"line":15,"column":null}},"5":{"start":{"line":15,"column":13},"end":{"line":15,"column":25}},"6":{"start":{"line":15,"column":13},"end":{"line":15,"column":null}}},"fnMap":{},"branchMap":{},"s":{"0":2,"1":2,"2":2,"3":2,"4":2,"5":2,"6":2},"f":{},"b":{}}
,"C:\\Users\\Silvia Subirana\\Documents\\uniHealthA\\backend\\src\\alerts\\alerts.service.ts": {"path":"C:\\Users\\Silvia Subirana\\Documents\\uniHealthA\\backend\\src\\alerts\\alerts.service.ts","statementMap":{"0":{"start":{"line":1,"column":0},"end":{"line":1,"column":44}},"1":{"start":{"line":4,"column":0},"end":{"line":4,"column":57}},"2":{"start":{"line":5,"column":0},"end":{"line":5,"column":45}},"3":{"start":{"line":6,"column":0},"end":{"line":6,"column":31}},"4":{"start":{"line":9,"column":7},"end":{"line":82,"column":null}},"5":{"start":{"line":11,"column":12},"end":{"line":11,"column":20}},"6":{"start":{"line":12,"column":35},"end":{"line":12,"column":48}},"7":{"start":{"line":16,"column":4},"end":{"line":45,"column":5}},"8":{"start":{"line":17,"column":20},"end":{"line":27,"column":8}},"9":{"start":{"line":30,"column":26},"end":{"line":32,"column":23}},"10":{"start":{"line":34,"column":6},"end":{"line":39,"column":9}},"11":{"start":{"line":41,"column":6},"end":{"line":41,"column":19}},"12":{"start":{"line":43,"column":6},"end":{"line":43,"column":52}},"13":{"start":{"line":44,"column":6},"end":{"line":44,"column":18}},"14":{"start":{"line":49,"column":4},"end":{"line":52,"column":7}},"15":{"start":{"line":56,"column":4},"end":{"line":59,"column":7}},"16":{"start":{"line":63,"column":4},"end":{"line":70,"column":7}},"17":{"start":{"line":74,"column":4},"end":{"line":80,"column":7}},"18":{"start":{"line":9,"column":13},"end":{"line":9,"column":26}},"19":{"start":{"line":9,"column":13},"end":{"line":82,"column":null}}},"fnMap":{"0":{"name":"(anonymous_4)","decl":{"start":{"line":10,"column":2},"end":{"line":10,"column":null}},"loc":{"start":{"line":12,"column":53},"end":{"line":13,"column":6}}},"1":{"name":"(anonymous_5)","decl":{"start":{"line":15,"column":2},"end":{"line":15,"column":7}},"loc":{"start":{"line":15,"column":45},"end":{"line":46,"column":3}}},"2":{"name":"(anonymous_6)","decl":{"start":{"line":48,"column":2},"end":{"line":48,"column":9}},"loc":{"start":{"line":48,"column":9},"end":{"line":53,"column":3}}},"3":{"name":"(anonymous_7)","decl":{"start":{"line":55,"column":2},"end":{"line":55,"column":9}},"loc":{"start":{"line":55,"column":20},"end":{"line":60,"column":3}}},"4":{"name":"(anonymous_8)","decl":{"start":{"line":62,"column":2},"end":{"line":62,"column":8}},"loc":{"start":{"line":62,"column":51},"end":{"line":71,"column":3}}},"5":{"name":"(anonymous_9)","decl":{"start":{"line":73,"column":2},"end":{"line":73,"column":7}},"loc":{"start":{"line":73,"column":42},"end":{"line":81,"column":3}}}},"branchMap":{"0":{"loc":{"start":{"line":30,"column":26},"end":{"line":32,"column":23}},"type":"cond-expr","locations":[{"start":{"line":31,"column":10},"end":{"line":31,"column":94}},{"start":{"line":32,"column":10},"end":{"line":32,"column":23}}]},"1":{"loc":{"start":{"line":68,"column":20},"end":{"line":68,"column":81}},"type":"cond-expr","locations":[{"start":{"line":68,"column":59},"end":{"line":68,"column":69}},{"start":{"line":68,"column":72},"end":{"line":68,"column":81}}]},"2":{"loc":{"start":{"line":11,"column":20},"end":{"line":11,"column":null}},"type":"cond-expr","locations":[{"start":{"line":11,"column":33},"end":{"line":11,"column":null}},{"start":{"line":11,"column":33},"end":{"line":11,"column":null}}]},"3":{"loc":{"start":{"line":11,"column":20},"end":{"line":11,"column":33}},"type":"binary-expr","locations":[{"start":{"line":11,"column":20},"end":{"line":11,"column":null}},{"start":{"line":11,"column":20},"end":{"line":11,"column":33}}]},"4":{"loc":{"start":{"line":11,"column":33},"end":{"line":12,"column":null}},"type":"cond-expr","locations":[{"start":{"line":12,"column":53},"end":{"line":12,"column":null}},{"start":{"line":12,"column":53},"end":{"line":12,"column":null}}]},"5":{"loc":{"start":{"line":11,"column":33},"end":{"line":12,"column":53}},"type":"binary-expr","locations":[{"start":{"line":11,"column":33},"end":{"line":12,"column":null}},{"start":{"line":12,"column":48},"end":{"line":12,"column":53}}]}},"s":{"0":4,"1":4,"2":4,"3":4,"4":4,"5":7,"6":7,"7":1,"8":1,"9":1,"10":1,"11":1,"12":0,"13":0,"14":1,"15":1,"16":1,"17":1,"18":4,"19":4},"f":{"0":7,"1":1,"2":1,"3":1,"4":1,"5":1},"b":{"0":[1,0],"1":[1,0],"2":[4,0],"3":[4,4],"4":[4,0],"5":[4,4]}}
,"C:\\Users\\Silvia Subirana\\Documents\\uniHealthA\\backend\\src\\alerts\\dto\\create-alert.dto.ts": {"path":"C:\\Users\\Silvia Subirana\\Documents\\uniHealthA\\backend\\src\\alerts\\dto\\create-alert.dto.ts","statementMap":{"0":{"start":{"line":1,"column":0},"end":{"line":1,"column":88}},"1":{"start":{"line":3,"column":0},"end":{"line":3,"column":13}},"2":{"start":{"line":5,"column":2},"end":{"line":5,"column":null}},"3":{"start":{"line":8,"column":2},"end":{"line":8,"column":null}},"4":{"start":{"line":12,"column":2},"end":{"line":12,"column":null}},"5":{"start":{"line":16,"column":2},"end":{"line":16,"column":null}},"6":{"start":{"line":20,"column":2},"end":{"line":20,"column":null}}},"fnMap":{},"branchMap":{},"s":{"0":3,"1":3,"2":3,"3":3,"4":3,"5":3,"6":3},"f":{},"b":{}}
,"C:\\Users\\Silvia Subirana\\Documents\\uniHealthA\\backend\\src\\alerts\\dto\\update-alert.dto.ts": {"path":"C:\\Users\\Silvia Subirana\\Documents\\uniHealthA\\backend\\src\\alerts\\dto\\update-alert.dto.ts","statementMap":{"0":{"start":{"line":1,"column":0},"end":{"line":1,"column":51}},"1":{"start":{"line":2,"column":0},"end":{"line":2,"column":52}},"2":{"start":{"line":4,"column":0},"end":{"line":4,"column":13}}},"fnMap":{},"branchMap":{},"s":{"0":3,"1":3,"2":3},"f":{},"b":{}}
,"C:\\Users\\Silvia Subirana\\Documents\\uniHealthA\\backend\\src\\alerts\\entities\\alert.entity.ts": {"path":"C:\\Users\\Silvia Subirana\\Documents\\uniHealthA\\backend\\src\\alerts\\entities\\alert.entity.ts","statementMap":{"0":{"start":{"line":1,"column":0},"end":{"line":1,"column":13}}},"fnMap":{},"branchMap":{},"s":{"0":0},"f":{},"b":{}}
,"C:\\Users\\Silvia Subirana\\Documents\\uniHealthA\\backend\\src\\appointments\\appointments.controller.ts": {"path":"C:\\Users\\Silvia Subirana\\Documents\\uniHealthA\\backend\\src\\appointments\\appointments.controller.ts","statementMap":{"0":{"start":{"line":1,"column":0},"end":{"line":1,"column":94}},"1":{"start":{"line":2,"column":0},"end":{"line":2,"column":61}},"2":{"start":{"line":3,"column":0},"end":{"line":3,"column":68}},"3":{"start":{"line":4,"column":0},"end":{"line":4,"column":68}},"4":{"start":{"line":5,"column":0},"end":{"line":5,"column":45}},"5":{"start":{"line":9,"column":7},"end":{"line":46,"column":null}},"6":{"start":{"line":10,"column":31},"end":{"line":10,"column":52}},"7":{"start":{"line":14,"column":4},"end":{"line":14,"column":65}},"8":{"start":{"line":19,"column":4},"end":{"line":19,"column":46}},"9":{"start":{"line":24,"column":4},"end":{"line":24,"column":58}},"10":{"start":{"line":29,"column":4},"end":{"line":29,"column":57}},"11":{"start":{"line":34,"column":4},"end":{"line":34,"column":54}},"12":{"start":{"line":39,"column":4},"end":{"line":39,"column":49}},"13":{"start":{"line":44,"column":4},"end":{"line":44,"column":70}},"14":{"start":{"line":9,"column":13},"end":{"line":9,"column":35}},"15":{"start":{"line":13,"column":2},"end":{"line":15,"column":null}},"16":{"start":{"line":18,"column":2},"end":{"line":20,"column":null}},"17":{"start":{"line":23,"column":2},"end":{"line":25,"column":null}},"18":{"start":{"line":28,"column":2},"end":{"line":30,"column":null}},"19":{"start":{"line":33,"column":2},"end":{"line":35,"column":null}},"20":{"start":{"line":38,"column":2},"end":{"line":40,"column":null}},"21":{"start":{"line":43,"column":2},"end":{"line":45,"column":null}},"22":{"start":{"line":9,"column":13},"end":{"line":46,"column":null}}},"fnMap":{"0":{"name":"(anonymous_4)","decl":{"start":{"line":10,"column":2},"end":{"line":10,"column":31}},"loc":{"start":{"line":10,"column":71},"end":{"line":10,"column":75}}},"1":{"name":"(anonymous_5)","decl":{"start":{"line":13,"column":2},"end":{"line":13,"column":8}},"loc":{"start":{"line":13,"column":59},"end":{"line":15,"column":3}}},"2":{"name":"(anonymous_6)","decl":{"start":{"line":18,"column":2},"end":{"line":18,"column":9}},"loc":{"start":{"line":18,"column":9},"end":{"line":20,"column":3}}},"3":{"name":"(anonymous_7)","decl":{"start":{"line":23,"column":2},"end":{"line":23,"column":21}},"loc":{"start":{"line":23,"column":21},"end":{"line":25,"column":3}}},"4":{"name":"(anonymous_8)","decl":{"start":{"line":28,"column":2},"end":{"line":28,"column":20}},"loc":{"start":{"line":28,"column":20},"end":{"line":30,"column":3}}},"5":{"name":"(anonymous_9)","decl":{"start":{"line":33,"column":2},"end":{"line":33,"column":17}},"loc":{"start":{"line":33,"column":17},"end":{"line":35,"column":3}}},"6":{"name":"(anonymous_10)","decl":{"start":{"line":38,"column":2},"end":{"line":38,"column":9}},"loc":{"start":{"line":38,"column":33},"end":{"line":40,"column":3}}},"7":{"name":"(anonymous_11)","decl":{"start":{"line":43,"column":2},"end":{"line":43,"column":14}},"loc":{"start":{"line":43,"column":90},"end":{"line":45,"column":3}}}},"branchMap":{"0":{"loc":{"start":{"line":13,"column":39},"end":{"line":13,"column":null}},"type":"cond-expr","locations":[{"start":{"line":13,"column":59},"end":{"line":13,"column":null}},{"start":{"line":13,"column":59},"end":{"line":13,"column":null}}]},"1":{"loc":{"start":{"line":13,"column":39},"end":{"line":13,"column":59}},"type":"binary-expr","locations":[{"start":{"line":13,"column":39},"end":{"line":13,"column":null}},{"start":{"line":13,"column":39},"end":{"line":13,"column":59}}]},"2":{"loc":{"start":{"line":43,"column":70},"end":{"line":43,"column":null}},"type":"cond-expr","locations":[{"start":{"line":43,"column":90},"end":{"line":43,"column":null}},{"start":{"line":43,"column":90},"end":{"line":43,"column":null}}]},"3":{"loc":{"start":{"line":43,"column":70},"end":{"line":43,"column":90}},"type":"binary-expr","locations":[{"start":{"line":43,"column":70},"end":{"line":43,"column":null}},{"start":{"line":43,"column":70},"end":{"line":43,"column":90}}]},"4":{"loc":{"start":{"line":10,"column":52},"end":{"line":10,"column":74}},"type":"cond-expr","locations":[{"start":{"line":10,"column":71},"end":{"line":10,"column":74}},{"start":{"line":10,"column":71},"end":{"line":10,"column":74}}]},"5":{"loc":{"start":{"line":10,"column":52},"end":{"line":10,"column":71}},"type":"binary-expr","locations":[{"start":{"line":10,"column":52},"end":{"line":10,"column":74}},{"start":{"line":10,"column":52},"end":{"line":10,"column":71}}]}},"s":{"0":2,"1":2,"2":2,"3":2,"4":2,"5":2,"6":6,"7":1,"8":1,"9":0,"10":0,"11":0,"12":1,"13":1,"14":2,"15":2,"16":2,"17":2,"18":2,"19":2,"20":2,"21":2,"22":2},"f":{"0":6,"1":1,"2":1,"3":0,"4":0,"5":0,"6":1,"7":1},"b":{"0":[2,0],"1":[2,2],"2":[2,0],"3":[2,2],"4":[2,0],"5":[2,2]}}
,"C:\\Users\\Silvia Subirana\\Documents\\uniHealthA\\backend\\src\\appointments\\appointments.module.ts": {"path":"C:\\Users\\Silvia Subirana\\Documents\\uniHealthA\\backend\\src\\appointments\\appointments.module.ts","statementMap":{"0":{"start":{"line":1,"column":0},"end":{"line":1,"column":40}},"1":{"start":{"line":2,"column":0},"end":{"line":2,"column":61}},"2":{"start":{"line":3,"column":0},"end":{"line":3,"column":67}},"3":{"start":{"line":9,"column":7},"end":{"line":9,"column":null}},"4":{"start":{"line":9,"column":13},"end":{"line":9,"column":31}},"5":{"start":{"line":9,"column":13},"end":{"line":9,"column":null}}},"fnMap":{},"branchMap":{},"s":{"0":1,"1":1,"2":1,"3":1,"4":1,"5":1},"f":{},"b":{}}
,"C:\\Users\\Silvia Subirana\\Documents\\uniHealthA\\backend\\src\\appointments\\appointments.service.ts": {"path":"C:\\Users\\Silvia Subirana\\Documents\\uniHealthA\\backend\\src\\appointments\\appointments.service.ts","statementMap":{"0":{"start":{"line":1,"column":0},"end":{"line":1,"column":65}},"1":{"start":{"line":4,"column":0},"end":{"line":4,"column":57}},"2":{"start":{"line":7,"column":7},"end":{"line":123,"column":null}},"3":{"start":{"line":8,"column":22},"end":{"line":8,"column":30}},"4":{"start":{"line":11,"column":18},"end":{"line":11,"column":54}},"5":{"start":{"line":12,"column":16},"end":{"line":12,"column":50}},"6":{"start":{"line":15,"column":21},"end":{"line":24,"column":6}},"7":{"start":{"line":26,"column":4},"end":{"line":28,"column":5}},"8":{"start":{"line":27,"column":6},"end":{"line":27,"column":86}},"9":{"start":{"line":30,"column":4},"end":{"line":41,"column":7}},"10":{"start":{"line":45,"column":4},"end":{"line":48,"column":7}},"11":{"start":{"line":52,"column":4},"end":{"line":55,"column":7}},"12":{"start":{"line":59,"column":4},"end":{"line":64,"column":7}},"13":{"start":{"line":69,"column":23},"end":{"line":69,"column":87}},"14":{"start":{"line":70,"column":4},"end":{"line":70,"column":31}},"15":{"start":{"line":70,"column":21},"end":{"line":70,"column":31}},"16":{"start":{"line":72,"column":4},"end":{"line":86,"column":7}},"17":{"start":{"line":91,"column":22},"end":{"line":91,"column":85}},"18":{"start":{"line":92,"column":4},"end":{"line":92,"column":30}},"19":{"start":{"line":92,"column":20},"end":{"line":92,"column":30}},"20":{"start":{"line":94,"column":4},"end":{"line":108,"column":7}},"21":{"start":{"line":112,"column":4},"end":{"line":121,"column":7}},"22":{"start":{"line":7,"column":13},"end":{"line":7,"column":32}},"23":{"start":{"line":7,"column":13},"end":{"line":123,"column":null}}},"fnMap":{"0":{"name":"(anonymous_2)","decl":{"start":{"line":8,"column":2},"end":{"line":8,"column":22}},"loc":{"start":{"line":8,"column":43},"end":{"line":8,"column":47}}},"1":{"name":"(anonymous_3)","decl":{"start":{"line":10,"column":2},"end":{"line":10,"column":7}},"loc":{"start":{"line":10,"column":57},"end":{"line":42,"column":3}}},"2":{"name":"(anonymous_4)","decl":{"start":{"line":44,"column":2},"end":{"line":44,"column":9}},"loc":{"start":{"line":44,"column":9},"end":{"line":49,"column":3}}},"3":{"name":"(anonymous_5)","decl":{"start":{"line":51,"column":2},"end":{"line":51,"column":9}},"loc":{"start":{"line":51,"column":20},"end":{"line":56,"column":3}}},"4":{"name":"(anonymous_6)","decl":{"start":{"line":58,"column":2},"end":{"line":58,"column":8}},"loc":{"start":{"line":58,"column":63},"end":{"line":65,"column":3}}},"5":{"name":"(anonymous_7)","decl":{"start":{"line":67,"column":2},"end":{"line":67,"column":7}},"loc":{"start":{"line":67,"column":27},"end":{"line":87,"column":3}}},"6":{"name":"(anonymous_8)","decl":{"start":{"line":89,"column":2},"end":{"line":89,"column":7}},"loc":{"start":{"line":89,"column":26},"end":{"line":109,"column":3}}},"7":{"name":"(anonymous_9)","decl":{"start":{"line":111,"column":2},"end":{"line":111,"column":7}},"loc":{"start":{"line":111,"column":23},"end":{"line":122,"column":3}}}},"branchMap":{"0":{"loc":{"start":{"line":26,"column":4},"end":{"line":28,"column":5}},"type":"if","locations":[{"start":{"line":26,"column":4},"end":{"line":28,"column":5}},{"start":{},"end":{}}]},"1":{"loc":{"start":{"line":70,"column":4},"end":{"line":70,"column":31}},"type":"if","locations":[{"start":{"line":70,"column":4},"end":{"line":70,"column":31}},{"start":{},"end":{}}]},"2":{"loc":{"start":{"line":92,"column":4},"end":{"line":92,"column":30}},"type":"if","locations":[{"start":{"line":92,"column":4},"end":{"line":92,"column":30}},{"start":{},"end":{}}]},"3":{"loc":{"start":{"line":8,"column":30},"end":{"line":8,"column":46}},"type":"cond-expr","locations":[{"start":{"line":8,"column":43},"end":{"line":8,"column":46}},{"start":{"line":8,"column":43},"end":{"line":8,"column":46}}]},"4":{"loc":{"start":{"line":8,"column":30},"end":{"line":8,"column":43}},"type":"binary-expr","locations":[{"start":{"line":8,"column":30},"end":{"line":8,"column":46}},{"start":{"line":8,"column":30},"end":{"line":8,"column":43}}]}},"s":{"0":3,"1":3,"2":3,"3":12,"4":2,"5":2,"6":2,"7":2,"8":1,"9":1,"10":1,"11":1,"12":1,"13":2,"14":2,"15":1,"16":1,"17":2,"18":2,"19":1,"20":1,"21":1,"22":3,"23":3},"f":{"0":12,"1":2,"2":1,"3":1,"4":1,"5":2,"6":2,"7":1},"b":{"0":[1,1],"1":[1,1],"2":[1,1],"3":[3,0],"4":[3,3]}}
,"C:\\Users\\Silvia Subirana\\Documents\\uniHealthA\\backend\\src\\appointments\\dto\\create-appointment.dto.ts": {"path":"C:\\Users\\Silvia Subirana\\Documents\\uniHealthA\\backend\\src\\appointments\\dto\\create-appointment.dto.ts","statementMap":{"0":{"start":{"line":1,"column":0},"end":{"line":1,"column":91}},"1":{"start":{"line":3,"column":0},"end":{"line":3,"column":13}},"2":{"start":{"line":5,"column":2},"end":{"line":5,"column":null}},"3":{"start":{"line":8,"column":2},"end":{"line":8,"column":null}},"4":{"start":{"line":11,"column":2},"end":{"line":11,"column":null}},"5":{"start":{"line":14,"column":2},"end":{"line":14,"column":null}},"6":{"start":{"line":17,"column":2},"end":{"line":17,"column":null}},"7":{"start":{"line":21,"column":2},"end":{"line":21,"column":null}}},"fnMap":{},"branchMap":{},"s":{"0":2,"1":2,"2":2,"3":2,"4":2,"5":2,"6":2,"7":2},"f":{},"b":{}}
,"C:\\Users\\Silvia Subirana\\Documents\\uniHealthA\\backend\\src\\appointments\\dto\\update-appointment.dto.ts": {"path":"C:\\Users\\Silvia Subirana\\Documents\\uniHealthA\\backend\\src\\appointments\\dto\\update-appointment.dto.ts","statementMap":{"0":{"start":{"line":1,"column":0},"end":{"line":1,"column":51}},"1":{"start":{"line":2,"column":0},"end":{"line":2,"column":64}},"2":{"start":{"line":4,"column":0},"end":{"line":4,"column":13}}},"fnMap":{},"branchMap":{},"s":{"0":2,"1":2,"2":2},"f":{},"b":{}}
,"C:\\Users\\Silvia Subirana\\Documents\\uniHealthA\\backend\\src\\appointments\\entities\\appointment.entity.ts": {"path":"C:\\Users\\Silvia Subirana\\Documents\\uniHealthA\\backend\\src\\appointments\\entities\\appointment.entity.ts","statementMap":{"0":{"start":{"line":1,"column":0},"end":{"line":1,"column":13}}},"fnMap":{},"branchMap":{},"s":{"0":0},"f":{},"b":{}}
,"C:\\Users\\Silvia Subirana\\Documents\\uniHealthA\\backend\\src\\attachments\\attachments.controller.ts": {"path":"C:\\Users\\Silvia Subirana\\Documents\\uniHealthA\\backend\\src\\attachments\\attachments.controller.ts","statementMap":{"0":{"start":{"line":1,"column":0},"end":{"line":1,"column":159}},"1":{"start":{"line":2,"column":0},"end":{"line":2,"column":59}},"2":{"start":{"line":3,"column":0},"end":{"line":3,"column":59}},"3":{"start":{"line":4,"column":0},"end":{"line":4,"column":45}},"4":{"start":{"line":5,"column":0},"end":{"line":5,"column":37}},"5":{"start":{"line":6,"column":0},"end":{"line":6,"column":31}},"6":{"start":{"line":7,"column":0},"end":{"line":7,"column":38}},"7":{"start":{"line":8,"column":0},"end":{"line":8,"column":28}},"8":{"start":{"line":12,"column":7},"end":{"line":42,"column":null}},"9":{"start":{"line":13,"column":31},"end":{"line":13,"column":51}},"10":{"start":{"line":26,"column":4},"end":{"line":26,"column":112}},"11":{"start":{"line":31,"column":23},"end":{"line":31,"column":65}},"12":{"start":{"line":32,"column":4},"end":{"line":34,"column":5}},"13":{"start":{"line":33,"column":6},"end":{"line":33,"column":58}},"14":{"start":{"line":35,"column":17},"end":{"line":35,"column":78}},"15":{"start":{"line":36,"column":4},"end":{"line":39,"column":7}},"16":{"start":{"line":40,"column":4},"end":{"line":40,"column":36}},"17":{"start":{"line":12,"column":13},"end":{"line":12,"column":34}},"18":{"start":{"line":25,"column":2},"end":{"line":27,"column":null}},"19":{"start":{"line":20,"column":27},"end":{"line":20,"column":113}},"20":{"start":{"line":20,"column":58},"end":{"line":20,"column":103}},"21":{"start":{"line":21,"column":8},"end":{"line":21,"column":70}},"22":{"start":{"line":30,"column":8},"end":{"line":41,"column":null}},"23":{"start":{"line":12,"column":13},"end":{"line":42,"column":null}}},"fnMap":{"0":{"name":"(anonymous_4)","decl":{"start":{"line":13,"column":2},"end":{"line":13,"column":31}},"loc":{"start":{"line":13,"column":69},"end":{"line":13,"column":73}}},"1":{"name":"(anonymous_5)","decl":{"start":{"line":25,"column":2},"end":{"line":25,"column":12}},"loc":{"start":{"line":25,"column":144},"end":{"line":27,"column":3}}},"2":{"name":"(anonymous_6)","decl":{"start":{"line":30,"column":8},"end":{"line":30,"column":15}},"loc":{"start":{"line":30,"column":72},"end":{"line":41,"column":3}}},"3":{"name":"(anonymous_7)","decl":{"start":{"line":19,"column":16},"end":{"line":19,"column":17}},"loc":{"start":{"line":19,"column":34},"end":{"line":22,"column":7}}},"4":{"name":"(anonymous_8)","decl":{"start":{"line":20,"column":52},"end":{"line":20,"column":55}},"loc":{"start":{"line":20,"column":58},"end":{"line":20,"column":103}}}},"branchMap":{"0":{"loc":{"start":{"line":32,"column":4},"end":{"line":34,"column":5}},"type":"if","locations":[{"start":{"line":32,"column":4},"end":{"line":34,"column":5}},{"start":{},"end":{}}]},"1":{"loc":{"start":{"line":25,"column":35},"end":{"line":25,"column":57}},"type":"cond-expr","locations":[{"start":{"line":25,"column":54},"end":{"line":25,"column":57}},{"start":{"line":25,"column":54},"end":{"line":25,"column":57}}]},"2":{"loc":{"start":{"line":25,"column":35},"end":{"line":25,"column":54}},"type":"binary-expr","locations":[{"start":{"line":25,"column":35},"end":{"line":25,"column":43}},{"start":{"line":25,"column":42},"end":{"line":25,"column":50}},{"start":{"line":25,"column":49},"end":{"line":25,"column":54}}]},"3":{"loc":{"start":{"line":13,"column":51},"end":{"line":13,"column":72}},"type":"cond-expr","locations":[{"start":{"line":13,"column":69},"end":{"line":13,"column":72}},{"start":{"line":13,"column":69},"end":{"line":13,"column":72}}]},"4":{"loc":{"start":{"line":13,"column":51},"end":{"line":13,"column":69}},"type":"binary-expr","locations":[{"start":{"line":13,"column":51},"end":{"line":13,"column":72}},{"start":{"line":13,"column":51},"end":{"line":13,"column":69}}]}},"s":{"0":2,"1":2,"2":2,"3":2,"4":2,"5":2,"6":2,"7":2,"8":2,"9":5,"10":1,"11":2,"12":2,"13":1,"14":1,"15":1,"16":1,"17":2,"18":2,"19":0,"20":0,"21":0,"22":2,"23":2},"f":{"0":5,"1":1,"2":2,"3":0,"4":0},"b":{"0":[1,1],"1":[0,2],"2":[2,0,0],"3":[2,0],"4":[2,2]}}
,"C:\\Users\\Silvia Subirana\\Documents\\uniHealthA\\backend\\src\\attachments\\attachments.module.ts": {"path":"C:\\Users\\Silvia Subirana\\Documents\\uniHealthA\\backend\\src\\attachments\\attachments.module.ts","statementMap":{"0":{"start":{"line":1,"column":0},"end":{"line":1,"column":40}},"1":{"start":{"line":2,"column":0},"end":{"line":2,"column":59}},"2":{"start":{"line":3,"column":0},"end":{"line":3,"column":65}},"3":{"start":{"line":9,"column":7},"end":{"line":9,"column":null}},"4":{"start":{"line":9,"column":13},"end":{"line":9,"column":30}},"5":{"start":{"line":9,"column":13},"end":{"line":9,"column":null}}},"fnMap":{},"branchMap":{},"s":{"0":1,"1":1,"2":1,"3":1,"4":1,"5":1},"f":{},"b":{}}
,"C:\\Users\\Silvia Subirana\\Documents\\uniHealthA\\backend\\src\\attachments\\attachments.service.ts": {"path":"C:\\Users\\Silvia Subirana\\Documents\\uniHealthA\\backend\\src\\attachments\\attachments.service.ts","statementMap":{"0":{"start":{"line":1,"column":0},"end":{"line":1,"column":44}},"1":{"start":{"line":2,"column":0},"end":{"line":2,"column":57}},"2":{"start":{"line":5,"column":7},"end":{"line":28,"column":null}},"3":{"start":{"line":6,"column":22},"end":{"line":6,"column":30}},"4":{"start":{"line":9,"column":4},"end":{"line":20,"column":7}},"5":{"start":{"line":24,"column":4},"end":{"line":26,"column":7}},"6":{"start":{"line":5,"column":13},"end":{"line":5,"column":31}},"7":{"start":{"line":5,"column":13},"end":{"line":28,"column":null}}},"fnMap":{"0":{"name":"(anonymous_2)","decl":{"start":{"line":6,"column":2},"end":{"line":6,"column":22}},"loc":{"start":{"line":6,"column":43},"end":{"line":6,"column":47}}},"1":{"name":"(anonymous_3)","decl":{"start":{"line":8,"column":2},"end":{"line":8,"column":8}},"loc":{"start":{"line":8,"column":115},"end":{"line":21,"column":3}}},"2":{"name":"(anonymous_4)","decl":{"start":{"line":23,"column":2},"end":{"line":23,"column":9}},"loc":{"start":{"line":23,"column":20},"end":{"line":27,"column":3}}}},"branchMap":{"0":{"loc":{"start":{"line":6,"column":30},"end":{"line":6,"column":46}},"type":"cond-expr","locations":[{"start":{"line":6,"column":43},"end":{"line":6,"column":46}},{"start":{"line":6,"column":43},"end":{"line":6,"column":46}}]},"1":{"loc":{"start":{"line":6,"column":30},"end":{"line":6,"column":43}},"type":"binary-expr","locations":[{"start":{"line":6,"column":30},"end":{"line":6,"column":46}},{"start":{"line":6,"column":30},"end":{"line":6,"column":43}}]}},"s":{"0":3,"1":3,"2":3,"3":4,"4":1,"5":1,"6":3,"7":3},"f":{"0":4,"1":1,"2":1},"b":{"0":[3,0],"1":[3,3]}}
,"C:\\Users\\Silvia Subirana\\Documents\\uniHealthA\\backend\\src\\attachments\\dto\\create-attachment.dto.ts": {"path":"C:\\Users\\Silvia Subirana\\Documents\\uniHealthA\\backend\\src\\attachments\\dto\\create-attachment.dto.ts","statementMap":{"0":{"start":{"line":1,"column":0},"end":{"line":1,"column":13}}},"fnMap":{},"branchMap":{},"s":{"0":0},"f":{},"b":{}}
,"C:\\Users\\Silvia Subirana\\Documents\\uniHealthA\\backend\\src\\attachments\\dto\\update-attachment.dto.ts": {"path":"C:\\Users\\Silvia Subirana\\Documents\\uniHealthA\\backend\\src\\attachments\\dto\\update-attachment.dto.ts","statementMap":{"0":{"start":{"line":1,"column":0},"end":{"line":1,"column":51}},"1":{"start":{"line":2,"column":0},"end":{"line":2,"column":62}},"2":{"start":{"line":4,"column":0},"end":{"line":4,"column":13}}},"fnMap":{},"branchMap":{},"s":{"0":0,"1":0,"2":0},"f":{},"b":{}}
,"C:\\Users\\Silvia Subirana\\Documents\\uniHealthA\\backend\\src\\attachments\\entities\\attachment.entity.ts": {"path":"C:\\Users\\Silvia Subirana\\Documents\\uniHealthA\\backend\\src\\attachments\\entities\\attachment.entity.ts","statementMap":{"0":{"start":{"line":1,"column":0},"end":{"line":1,"column":13}}},"fnMap":{},"branchMap":{},"s":{"0":0},"f":{},"b":{}}
,"C:\\Users\\Silvia Subirana\\Documents\\uniHealthA\\backend\\src\\audit\\audit.interceptor.ts": {"path":"C:\\Users\\Silvia Subirana\\Documents\\uniHealthA\\backend\\src\\audit\\audit.interceptor.ts","statementMap":{"0":{"start":{"line":1,"column":0},"end":{"line":1,"column":92}},"1":{"start":{"line":3,"column":0},"end":{"line":3,"column":37}},"2":{"start":{"line":4,"column":0},"end":{"line":4,"column":47}},"3":{"start":{"line":7,"column":7},"end":{"line":40,"column":null}},"4":{"start":{"line":8,"column":22},"end":{"line":8,"column":36}},"5":{"start":{"line":11,"column":16},"end":{"line":11,"column":51}},"6":{"start":{"line":12,"column":19},"end":{"line":12,"column":29}},"7":{"start":{"line":15,"column":4},"end":{"line":17,"column":5}},"8":{"start":{"line":16,"column":6},"end":{"line":16,"column":27}},"9":{"start":{"line":19,"column":4},"end":{"line":38,"column":6}},"10":{"start":{"line":21,"column":21},"end":{"line":21,"column":29}},"11":{"start":{"line":22,"column":25},"end":{"line":22,"column":53}},"12":{"start":{"line":23,"column":23},"end":{"line":23,"column":29}},"13":{"start":{"line":24,"column":19},"end":{"line":24,"column":25}},"14":{"start":{"line":27,"column":25},"end":{"line":27,"column":84}},"15":{"start":{"line":29,"column":8},"end":{"line":36,"column":10}},"16":{"start":{"line":7,"column":13},"end":{"line":7,"column":29}},"17":{"start":{"line":7,"column":13},"end":{"line":40,"column":null}}},"fnMap":{"0":{"name":"(anonymous_2)","decl":{"start":{"line":8,"column":2},"end":{"line":8,"column":22}},"loc":{"start":{"line":8,"column":48},"end":{"line":8,"column":52}}},"1":{"name":"(anonymous_3)","decl":{"start":{"line":10,"column":2},"end":{"line":10,"column":11}},"loc":{"start":{"line":10,"column":56},"end":{"line":39,"column":3}}},"2":{"name":"(anonymous_4)","decl":{"start":{"line":20,"column":10},"end":{"line":20,"column":11}},"loc":{"start":{"line":20,"column":19},"end":{"line":37,"column":7}}}},"branchMap":{"0":{"loc":{"start":{"line":15,"column":4},"end":{"line":17,"column":5}},"type":"if","locations":[{"start":{"line":15,"column":4},"end":{"line":17,"column":5}},{"start":{},"end":{}}]},"1":{"loc":{"start":{"line":27,"column":25},"end":{"line":27,"column":84}},"type":"binary-expr","locations":[{"start":{"line":27,"column":25},"end":{"line":27,"column":38}},{"start":{"line":27,"column":43},"end":{"line":27,"column":83}}]},"2":{"loc":{"start":{"line":27,"column":43},"end":{"line":27,"column":83}},"type":"cond-expr","locations":[{"start":{"line":27,"column":61},"end":{"line":27,"column":76}},{"start":{"line":27,"column":79},"end":{"line":27,"column":83}}]},"3":{"loc":{"start":{"line":27,"column":43},"end":{"line":27,"column":58}},"type":"binary-expr","locations":[{"start":{"line":27,"column":43},"end":{"line":27,"column":47}},{"start":{"line":27,"column":51},"end":{"line":27,"column":58}}]},"4":{"loc":{"start":{"line":30,"column":10},"end":{"line":30,"column":35}},"type":"cond-expr","locations":[{"start":{"line":30,"column":17},"end":{"line":30,"column":28}},{"start":{"line":30,"column":31},"end":{"line":30,"column":35}}]},"5":{"loc":{"start":{"line":8,"column":36},"end":{"line":8,"column":51}},"type":"cond-expr","locations":[{"start":{"line":8,"column":48},"end":{"line":8,"column":51}},{"start":{"line":8,"column":48},"end":{"line":8,"column":51}}]},"6":{"loc":{"start":{"line":8,"column":36},"end":{"line":8,"column":48}},"type":"binary-expr","locations":[{"start":{"line":8,"column":36},"end":{"line":8,"column":51}},{"start":{"line":8,"column":36},"end":{"line":8,"column":48}}]}},"s":{"0":2,"1":2,"2":2,"3":2,"4":2,"5":2,"6":2,"7":2,"8":1,"9":1,"10":1,"11":1,"12":1,"13":1,"14":1,"15":1,"16":2,"17":2},"f":{"0":2,"1":2,"2":1},"b":{"0":[1,1],"1":[1,0],"2":[0,0],"3":[0,0],"4":[1,0],"5":[2,0],"6":[2,2]}}
,"C:\\Users\\Silvia Subirana\\Documents\\uniHealthA\\backend\\src\\audit\\audit.module.ts": {"path":"C:\\Users\\Silvia Subirana\\Documents\\uniHealthA\\backend\\src\\audit\\audit.module.ts","statementMap":{"0":{"start":{"line":1,"column":0},"end":{"line":1,"column":40}},"1":{"start":{"line":2,"column":0},"end":{"line":2,"column":47}},"2":{"start":{"line":8,"column":7},"end":{"line":8,"column":null}},"3":{"start":{"line":8,"column":13},"end":{"line":8,"column":24}},"4":{"start":{"line":8,"column":13},"end":{"line":8,"column":null}}},"fnMap":{},"branchMap":{},"s":{"0":1,"1":1,"2":1,"3":1,"4":1},"f":{},"b":{}}
,"C:\\Users\\Silvia Subirana\\Documents\\uniHealthA\\backend\\src\\audit\\audit.service.ts": {"path":"C:\\Users\\Silvia Subirana\\Documents\\uniHealthA\\backend\\src\\audit\\audit.service.ts","statementMap":{"0":{"start":{"line":1,"column":0},"end":{"line":1,"column":44}},"1":{"start":{"line":2,"column":0},"end":{"line":2,"column":57}},"2":{"start":{"line":5,"column":7},"end":{"line":24,"column":null}},"3":{"start":{"line":6,"column":22},"end":{"line":6,"column":30}},"4":{"start":{"line":9,"column":4},"end":{"line":22,"column":5}},"5":{"start":{"line":10,"column":6},"end":{"line":19,"column":9}},"6":{"start":{"line":21,"column":6},"end":{"line":21,"column":58}},"7":{"start":{"line":5,"column":13},"end":{"line":5,"column":25}},"8":{"start":{"line":5,"column":13},"end":{"line":24,"column":null}}},"fnMap":{"0":{"name":"(anonymous_2)","decl":{"start":{"line":6,"column":2},"end":{"line":6,"column":22}},"loc":{"start":{"line":6,"column":43},"end":{"line":6,"column":47}}},"1":{"name":"(anonymous_3)","decl":{"start":{"line":8,"column":2},"end":{"line":8,"column":7}},"loc":{"start":{"line":8,"column":120},"end":{"line":23,"column":3}}}},"branchMap":{"0":{"loc":{"start":{"line":16,"column":19},"end":{"line":16,"column":32}},"type":"binary-expr","locations":[{"start":{"line":16,"column":19},"end":{"line":16,"column":26}},{"start":{"line":16,"column":30},"end":{"line":16,"column":32}}]},"1":{"loc":{"start":{"line":6,"column":30},"end":{"line":6,"column":46}},"type":"cond-expr","locations":[{"start":{"line":6,"column":43},"end":{"line":6,"column":46}},{"start":{"line":6,"column":43},"end":{"line":6,"column":46}}]},"2":{"loc":{"start":{"line":6,"column":30},"end":{"line":6,"column":43}},"type":"binary-expr","locations":[{"start":{"line":6,"column":30},"end":{"line":6,"column":46}},{"start":{"line":6,"column":30},"end":{"line":6,"column":43}}]}},"s":{"0":3,"1":3,"2":3,"3":4,"4":2,"5":2,"6":1,"7":3,"8":3},"f":{"0":4,"1":2},"b":{"0":[2,0],"1":[3,0],"2":[3,3]}}
,"C:\\Users\\Silvia Subirana\\Documents\\uniHealthA\\backend\\src\\auth\\auth.controller.ts": {"path":"C:\\Users\\Silvia Subirana\\Documents\\uniHealthA\\backend\\src\\auth\\auth.controller.ts","statementMap":{"0":{"start":{"line":1,"column":0},"end":{"line":1,"column":76}},"1":{"start":{"line":2,"column":0},"end":{"line":2,"column":45}},"2":{"start":{"line":3,"column":0},"end":{"line":3,"column":45}},"3":{"start":{"line":4,"column":0},"end":{"line":4,"column":61}},"4":{"start":{"line":7,"column":7},"end":{"line":20,"column":null}},"5":{"start":{"line":8,"column":22},"end":{"line":8,"column":35}},"6":{"start":{"line":13,"column":4},"end":{"line":13,"column":44}},"7":{"start":{"line":18,"column":4},"end":{"line":18,"column":52}},"8":{"start":{"line":7,"column":13},"end":{"line":7,"column":27}},"9":{"start":{"line":12,"column":8},"end":{"line":14,"column":null}},"10":{"start":{"line":17,"column":8},"end":{"line":19,"column":null}},"11":{"start":{"line":7,"column":13},"end":{"line":20,"column":null}}},"fnMap":{"0":{"name":"(anonymous_4)","decl":{"start":{"line":8,"column":2},"end":{"line":8,"column":22}},"loc":{"start":{"line":8,"column":46},"end":{"line":8,"column":50}}},"1":{"name":"(anonymous_5)","decl":{"start":{"line":12,"column":8},"end":{"line":12,"column":13}},"loc":{"start":{"line":12,"column":28},"end":{"line":14,"column":3}}},"2":{"name":"(anonymous_6)","decl":{"start":{"line":17,"column":8},"end":{"line":17,"column":16}},"loc":{"start":{"line":17,"column":53},"end":{"line":19,"column":3}}}},"branchMap":{"0":{"loc":{"start":{"line":17,"column":40},"end":{"line":17,"column":null}},"type":"cond-expr","locations":[{"start":{"line":17,"column":53},"end":{"line":17,"column":null}},{"start":{"line":17,"column":53},"end":{"line":17,"column":null}}]},"1":{"loc":{"start":{"line":17,"column":40},"end":{"line":17,"column":53}},"type":"binary-expr","locations":[{"start":{"line":17,"column":40},"end":{"line":17,"column":null}},{"start":{"line":17,"column":40},"end":{"line":17,"column":53}}]},"2":{"loc":{"start":{"line":8,"column":35},"end":{"line":8,"column":49}},"type":"cond-expr","locations":[{"start":{"line":8,"column":46},"end":{"line":8,"column":49}},{"start":{"line":8,"column":46},"end":{"line":8,"column":49}}]},"3":{"loc":{"start":{"line":8,"column":35},"end":{"line":8,"column":46}},"type":"binary-expr","locations":[{"start":{"line":8,"column":35},"end":{"line":8,"column":49}},{"start":{"line":8,"column":35},"end":{"line":8,"column":46}}]}},"s":{"0":2,"1":2,"2":2,"3":2,"4":2,"5":4,"6":1,"7":1,"8":2,"9":2,"10":2,"11":2},"f":{"0":4,"1":1,"2":1},"b":{"0":[2,0],"1":[2,2],"2":[2,0],"3":[2,2]}}
,"C:\\Users\\Silvia Subirana\\Documents\\uniHealthA\\backend\\src\\auth\\auth.module.ts": {"path":"C:\\Users\\Silvia Subirana\\Documents\\uniHealthA\\backend\\src\\auth\\auth.module.ts","statementMap":{"0":{"start":{"line":1,"column":0},"end":{"line":1,"column":40}},"1":{"start":{"line":2,"column":0},"end":{"line":2,"column":45}},"2":{"start":{"line":3,"column":0},"end":{"line":3,"column":51}},"3":{"start":{"line":4,"column":0},"end":{"line":4,"column":52}},"4":{"start":{"line":5,"column":0},"end":{"line":5,"column":50}},"5":{"start":{"line":6,"column":0},"end":{"line":6,"column":40}},"6":{"start":{"line":7,"column":0},"end":{"line":7,"column":61}},"7":{"start":{"line":8,"column":0},"end":{"line":8,"column":60}},"8":{"start":{"line":9,"column":0},"end":{"line":9,"column":56}},"9":{"start":{"line":28,"column":7},"end":{"line":28,"column":null}},"10":{"start":{"line":28,"column":13},"end":{"line":28,"column":23}},"11":{"start":{"line":28,"column":13},"end":{"line":28,"column":null}},"12":{"start":{"line":17,"column":59},"end":{"line":20,"column":8}}},"fnMap":{"0":{"name":"(anonymous_1)","decl":{"start":{"line":17,"column":18},"end":{"line":17,"column":23}},"loc":{"start":{"line":17,"column":59},"end":{"line":20,"column":8}}}},"branchMap":{"0":{"loc":{"start":{"line":18,"column":16},"end":{"line":18,"column":70}},"type":"binary-expr","locations":[{"start":{"line":18,"column":16},"end":{"line":18,"column":55}},{"start":{"line":18,"column":59},"end":{"line":18,"column":70}}]}},"s":{"0":1,"1":1,"2":1,"3":1,"4":1,"5":1,"6":1,"7":1,"8":1,"9":1,"10":1,"11":1,"12":1},"f":{"0":1},"b":{"0":[1,0]}}
,"C:\\Users\\Silvia Subirana\\Documents\\uniHealthA\\backend\\src\\auth\\auth.service.ts": {"path":"C:\\Users\\Silvia Subirana\\Documents\\uniHealthA\\backend\\src\\auth\\auth.service.ts","statementMap":{"0":{"start":{"line":1,"column":0},"end":{"line":1,"column":44}},"1":{"start":{"line":2,"column":0},"end":{"line":2,"column":54}},"2":{"start":{"line":3,"column":0},"end":{"line":3,"column":41}},"3":{"start":{"line":4,"column":0},"end":{"line":4,"column":33}},"4":{"start":{"line":7,"column":7},"end":{"line":36,"column":null}},"5":{"start":{"line":9,"column":12},"end":{"line":9,"column":26}},"6":{"start":{"line":10,"column":12},"end":{"line":10,"column":24}},"7":{"start":{"line":14,"column":17},"end":{"line":14,"column":59}},"8":{"start":{"line":15,"column":4},"end":{"line":18,"column":5}},"9":{"start":{"line":16,"column":42},"end":{"line":16,"column":46}},"10":{"start":{"line":17,"column":6},"end":{"line":17,"column":20}},"11":{"start":{"line":19,"column":4},"end":{"line":19,"column":16}},"12":{"start":{"line":23,"column":20},"end":{"line":23,"column":86}},"13":{"start":{"line":24,"column":4},"end":{"line":29,"column":6}},"14":{"start":{"line":33,"column":20},"end":{"line":33,"column":56}},"15":{"start":{"line":34,"column":4},"end":{"line":34,"column":31}},"16":{"start":{"line":7,"column":13},"end":{"line":7,"column":24}},"17":{"start":{"line":7,"column":13},"end":{"line":36,"column":null}}},"fnMap":{"0":{"name":"(anonymous_11)","decl":{"start":{"line":8,"column":2},"end":{"line":8,"column":null}},"loc":{"start":{"line":10,"column":34},"end":{"line":11,"column":6}}},"1":{"name":"(anonymous_12)","decl":{"start":{"line":13,"column":2},"end":{"line":13,"column":7}},"loc":{"start":{"line":13,"column":48},"end":{"line":20,"column":3}}},"2":{"name":"(anonymous_13)","decl":{"start":{"line":22,"column":2},"end":{"line":22,"column":7}},"loc":{"start":{"line":22,"column":23},"end":{"line":30,"column":3}}},"3":{"name":"(anonymous_14)","decl":{"start":{"line":32,"column":2},"end":{"line":32,"column":7}},"loc":{"start":{"line":32,"column":26},"end":{"line":35,"column":3}}}},"branchMap":{"0":{"loc":{"start":{"line":15,"column":4},"end":{"line":18,"column":5}},"type":"if","locations":[{"start":{"line":15,"column":4},"end":{"line":18,"column":5}},{"start":{},"end":{}}]},"1":{"loc":{"start":{"line":15,"column":8},"end":{"line":15,"column":63}},"type":"binary-expr","locations":[{"start":{"line":15,"column":8},"end":{"line":15,"column":12}},{"start":{"line":15,"column":17},"end":{"line":15,"column":62}}]},"2":{"loc":{"start":{"line":9,"column":26},"end":{"line":9,"column":null}},"type":"cond-expr","locations":[{"start":{"line":9,"column":38},"end":{"line":9,"column":null}},{"start":{"line":9,"column":38},"end":{"line":9,"column":null}}]},"3":{"loc":{"start":{"line":9,"column":26},"end":{"line":9,"column":38}},"type":"binary-expr","locations":[{"start":{"line":9,"column":26},"end":{"line":9,"column":null}},{"start":{"line":9,"column":26},"end":{"line":9,"column":38}}]},"4":{"loc":{"start":{"line":9,"column":38},"end":{"line":10,"column":null}},"type":"cond-expr","locations":[{"start":{"line":10,"column":34},"end":{"line":10,"column":null}},{"start":{"line":10,"column":34},"end":{"line":10,"column":null}}]},"5":{"loc":{"start":{"line":9,"column":38},"end":{"line":10,"column":34}},"type":"binary-expr","locations":[{"start":{"line":9,"column":38},"end":{"line":10,"column":null}},{"start":{"line":10,"column":24},"end":{"line":10,"column":34}}]}},"s":{"0":4,"1":4,"2":4,"3":4,"4":4,"5":6,"6":6,"7":2,"8":2,"9":1,"10":1,"11":1,"12":2,"13":2,"14":1,"15":1,"16":4,"17":4},"f":{"0":6,"1":2,"2":2,"3":1},"b":{"0":[1,1],"1":[2,1],"2":[4,0],"3":[4,4],"4":[4,0],"5":[4,4]}}
,"C:\\Users\\Silvia Subirana\\Documents\\uniHealthA\\backend\\src\\auth\\strategies\\jwt.strategy.ts": {"path":"C:\\Users\\Silvia Subirana\\Documents\\uniHealthA\\backend\\src\\auth\\strategies\\jwt.strategy.ts","statementMap":{"0":{"start":{"line":1,"column":0},"end":{"line":1,"column":52}},"1":{"start":{"line":2,"column":0},"end":{"line":2,"column":52}},"2":{"start":{"line":3,"column":0},"end":{"line":3,"column":44}},"3":{"start":{"line":4,"column":0},"end":{"line":4,"column":47}},"4":{"start":{"line":7,"column":7},"end":{"line":19,"column":null}},"5":{"start":{"line":9,"column":4},"end":{"line":13,"column":7}},"6":{"start":{"line":17,"column":4},"end":{"line":17,"column":77}},"7":{"start":{"line":7,"column":13},"end":{"line":7,"column":24}},"8":{"start":{"line":7,"column":13},"end":{"line":19,"column":null}}},"fnMap":{"0":{"name":"(anonymous_2)","decl":{"start":{"line":8,"column":2},"end":{"line":8,"column":14}},"loc":{"start":{"line":8,"column":42},"end":{"line":14,"column":3}}},"1":{"name":"(anonymous_3)","decl":{"start":{"line":16,"column":2},"end":{"line":16,"column":7}},"loc":{"start":{"line":16,"column":29},"end":{"line":18,"column":3}}}},"branchMap":{"0":{"loc":{"start":{"line":12,"column":19},"end":{"line":12,"column":73}},"type":"binary-expr","locations":[{"start":{"line":12,"column":19},"end":{"line":12,"column":58}},{"start":{"line":12,"column":62},"end":{"line":12,"column":73}}]},"1":{"loc":{"start":{"line":8,"column":29},"end":{"line":8,"column":null}},"type":"cond-expr","locations":[{"start":{"line":8,"column":42},"end":{"line":8,"column":null}},{"start":{"line":8,"column":42},"end":{"line":8,"column":null}}]},"2":{"loc":{"start":{"line":8,"column":29},"end":{"line":8,"column":42}},"type":"binary-expr","locations":[{"start":{"line":8,"column":29},"end":{"line":8,"column":null}},{"start":{"line":8,"column":29},"end":{"line":8,"column":42}}]}},"s":{"0":2,"1":2,"2":2,"3":2,"4":2,"5":3,"6":1,"7":2,"8":2},"f":{"0":3,"1":1},"b":{"0":[3,0],"1":[2,0],"2":[2,2]}}
,"C:\\Users\\Silvia Subirana\\Documents\\uniHealthA\\backend\\src\\auth\\strategies\\local.strategy.ts": {"path":"C:\\Users\\Silvia Subirana\\Documents\\uniHealthA\\backend\\src\\auth\\strategies\\local.strategy.ts","statementMap":{"0":{"start":{"line":2,"column":0},"end":{"line":2,"column":42}},"1":{"start":{"line":3,"column":0},"end":{"line":3,"column":52}},"2":{"start":{"line":4,"column":0},"end":{"line":4,"column":67}},"3":{"start":{"line":5,"column":0},"end":{"line":5,"column":46}},"4":{"start":{"line":8,"column":7},"end":{"line":20,"column":null}},"5":{"start":{"line":10,"column":4},"end":{"line":10,"column":38}},"6":{"start":{"line":9,"column":22},"end":{"line":9,"column":35}},"7":{"start":{"line":14,"column":17},"end":{"line":14,"column":65}},"8":{"start":{"line":15,"column":4},"end":{"line":17,"column":5}},"9":{"start":{"line":16,"column":6},"end":{"line":16,"column":40}},"10":{"start":{"line":18,"column":4},"end":{"line":18,"column":16}},"11":{"start":{"line":8,"column":13},"end":{"line":8,"column":26}},"12":{"start":{"line":8,"column":13},"end":{"line":20,"column":null}}},"fnMap":{"0":{"name":"(anonymous_2)","decl":{"start":{"line":9,"column":2},"end":{"line":9,"column":22}},"loc":{"start":{"line":9,"column":46},"end":{"line":11,"column":3}}},"1":{"name":"(anonymous_3)","decl":{"start":{"line":13,"column":2},"end":{"line":13,"column":7}},"loc":{"start":{"line":13,"column":44},"end":{"line":19,"column":3}}}},"branchMap":{"0":{"loc":{"start":{"line":15,"column":4},"end":{"line":17,"column":5}},"type":"if","locations":[{"start":{"line":15,"column":4},"end":{"line":17,"column":5}},{"start":{},"end":{}}]},"1":{"loc":{"start":{"line":9,"column":35},"end":{"line":9,"column":null}},"type":"cond-expr","locations":[{"start":{"line":9,"column":46},"end":{"line":9,"column":null}},{"start":{"line":9,"column":46},"end":{"line":9,"column":null}}]},"2":{"loc":{"start":{"line":9,"column":35},"end":{"line":9,"column":46}},"type":"binary-expr","locations":[{"start":{"line":9,"column":35},"end":{"line":9,"column":null}},{"start":{"line":9,"column":35},"end":{"line":9,"column":46}}]}},"s":{"0":2,"1":2,"2":2,"3":2,"4":2,"5":4,"6":4,"7":2,"8":2,"9":1,"10":1,"11":2,"12":2},"f":{"0":4,"1":2},"b":{"0":[1,1],"1":[2,0],"2":[2,2]}}
,"C:\\Users\\Silvia Subirana\\Documents\\uniHealthA\\backend\\src\\clinical-records\\clinical-records.controller.ts": {"path":"C:\\Users\\Silvia Subirana\\Documents\\uniHealthA\\backend\\src\\clinical-records\\clinical-records.controller.ts","statementMap":{"0":{"start":{"line":1,"column":0},"end":{"line":1,"column":103}},"1":{"start":{"line":2,"column":0},"end":{"line":2,"column":68}},"2":{"start":{"line":3,"column":0},"end":{"line":3,"column":75}},"3":{"start":{"line":5,"column":0},"end":{"line":5,"column":45}},"4":{"start":{"line":9,"column":7},"end":{"line":31,"column":null}},"5":{"start":{"line":10,"column":31},"end":{"line":10,"column":55}},"6":{"start":{"line":14,"column":4},"end":{"line":14,"column":88}},"7":{"start":{"line":19,"column":4},"end":{"line":19,"column":68}},"8":{"start":{"line":24,"column":4},"end":{"line":24,"column":73}},"9":{"start":{"line":29,"column":4},"end":{"line":29,"column":52}},"10":{"start":{"line":9,"column":13},"end":{"line":9,"column":38}},"11":{"start":{"line":13,"column":2},"end":{"line":15,"column":null}},"12":{"start":{"line":18,"column":2},"end":{"line":20,"column":null}},"13":{"start":{"line":23,"column":2},"end":{"line":25,"column":null}},"14":{"start":{"line":28,"column":2},"end":{"line":30,"column":null}},"15":{"start":{"line":9,"column":13},"end":{"line":31,"column":null}}},"fnMap":{"0":{"name":"(anonymous_4)","decl":{"start":{"line":10,"column":2},"end":{"line":10,"column":31}},"loc":{"start":{"line":10,"column":77},"end":{"line":10,"column":81}}},"1":{"name":"(anonymous_5)","decl":{"start":{"line":13,"column":2},"end":{"line":13,"column":8}},"loc":{"start":{"line":13,"column":81},"end":{"line":15,"column":3}}},"2":{"name":"(anonymous_6)","decl":{"start":{"line":18,"column":2},"end":{"line":18,"column":18}},"loc":{"start":{"line":18,"column":56},"end":{"line":20,"column":3}}},"3":{"name":"(anonymous_7)","decl":{"start":{"line":23,"column":2},"end":{"line":23,"column":15}},"loc":{"start":{"line":23,"column":30},"end":{"line":25,"column":3}}},"4":{"name":"(anonymous_8)","decl":{"start":{"line":28,"column":2},"end":{"line":28,"column":9}},"loc":{"start":{"line":28,"column":33},"end":{"line":30,"column":3}}}},"branchMap":{"0":{"loc":{"start":{"line":13,"column":42},"end":{"line":13,"column":68}},"type":"cond-expr","locations":[{"start":{"line":13,"column":65},"end":{"line":13,"column":68}},{"start":{"line":13,"column":65},"end":{"line":13,"column":68}}]},"1":{"loc":{"start":{"line":13,"column":42},"end":{"line":13,"column":65}},"type":"binary-expr","locations":[{"start":{"line":13,"column":42},"end":{"line":13,"column":68}},{"start":{"line":13,"column":42},"end":{"line":13,"column":65}}]},"2":{"loc":{"start":{"line":10,"column":55},"end":{"line":10,"column":80}},"type":"cond-expr","locations":[{"start":{"line":10,"column":77},"end":{"line":10,"column":80}},{"start":{"line":10,"column":77},"end":{"line":10,"column":80}}]},"3":{"loc":{"start":{"line":10,"column":55},"end":{"line":10,"column":77}},"type":"binary-expr","locations":[{"start":{"line":10,"column":55},"end":{"line":10,"column":80}},{"start":{"line":10,"column":55},"end":{"line":10,"column":77}}]}},"s":{"0":2,"1":2,"2":2,"3":2,"4":2,"5":6,"6":1,"7":1,"8":1,"9":1,"10":2,"11":2,"12":2,"13":2,"14":2,"15":2},"f":{"0":6,"1":1,"2":1,"3":1,"4":1},"b":{"0":[2,0],"1":[2,2],"2":[2,0],"3":[2,2]}}
,"C:\\Users\\Silvia Subirana\\Documents\\uniHealthA\\backend\\src\\clinical-records\\clinical-records.module.ts": {"path":"C:\\Users\\Silvia Subirana\\Documents\\uniHealthA\\backend\\src\\clinical-records\\clinical-records.module.ts","statementMap":{"0":{"start":{"line":1,"column":0},"end":{"line":1,"column":40}},"1":{"start":{"line":2,"column":0},"end":{"line":2,"column":68}},"2":{"start":{"line":3,"column":0},"end":{"line":3,"column":74}},"3":{"start":{"line":9,"column":7},"end":{"line":9,"column":null}},"4":{"start":{"line":9,"column":13},"end":{"line":9,"column":34}},"5":{"start":{"line":9,"column":13},"end":{"line":9,"column":null}}},"fnMap":{},"branchMap":{},"s":{"0":1,"1":1,"2":1,"3":1,"4":1,"5":1},"f":{},"b":{}}
,"C:\\Users\\Silvia Subirana\\Documents\\uniHealthA\\backend\\src\\clinical-records\\clinical-records.service.ts": {"path":"C:\\Users\\Silvia Subirana\\Documents\\uniHealthA\\backend\\src\\clinical-records\\clinical-records.service.ts","statementMap":{"0":{"start":{"line":1,"column":0},"end":{"line":1,"column":44}},"1":{"start":{"line":4,"column":0},"end":{"line":4,"column":57}},"2":{"start":{"line":7,"column":7},"end":{"line":43,"column":null}},"3":{"start":{"line":8,"column":22},"end":{"line":8,"column":30}},"4":{"start":{"line":11,"column":4},"end":{"line":18,"column":7}},"5":{"start":{"line":22,"column":4},"end":{"line":29,"column":7}},"6":{"start":{"line":33,"column":4},"end":{"line":39,"column":7}},"7":{"start":{"line":7,"column":13},"end":{"line":7,"column":35}},"8":{"start":{"line":7,"column":13},"end":{"line":43,"column":null}}},"fnMap":{"0":{"name":"(anonymous_2)","decl":{"start":{"line":8,"column":2},"end":{"line":8,"column":22}},"loc":{"start":{"line":8,"column":43},"end":{"line":8,"column":47}}},"1":{"name":"(anonymous_3)","decl":{"start":{"line":10,"column":2},"end":{"line":10,"column":8}},"loc":{"start":{"line":10,"column":82},"end":{"line":19,"column":3}}},"2":{"name":"(anonymous_4)","decl":{"start":{"line":21,"column":2},"end":{"line":21,"column":18}},"loc":{"start":{"line":21,"column":36},"end":{"line":30,"column":3}}},"3":{"name":"(anonymous_5)","decl":{"start":{"line":32,"column":2},"end":{"line":32,"column":9}},"loc":{"start":{"line":32,"column":20},"end":{"line":40,"column":3}}}},"branchMap":{"0":{"loc":{"start":{"line":8,"column":30},"end":{"line":8,"column":46}},"type":"cond-expr","locations":[{"start":{"line":8,"column":43},"end":{"line":8,"column":46}},{"start":{"line":8,"column":43},"end":{"line":8,"column":46}}]},"1":{"loc":{"start":{"line":8,"column":30},"end":{"line":8,"column":43}},"type":"binary-expr","locations":[{"start":{"line":8,"column":30},"end":{"line":8,"column":46}},{"start":{"line":8,"column":30},"end":{"line":8,"column":43}}]}},"s":{"0":3,"1":3,"2":3,"3":5,"4":1,"5":1,"6":1,"7":3,"8":3},"f":{"0":5,"1":1,"2":1,"3":1},"b":{"0":[3,0],"1":[3,3]}}
,"C:\\Users\\Silvia Subirana\\Documents\\uniHealthA\\backend\\src\\clinical-records\\dto\\create-clinical-record.dto.ts": {"path":"C:\\Users\\Silvia Subirana\\Documents\\uniHealthA\\backend\\src\\clinical-records\\dto\\create-clinical-record.dto.ts","statementMap":{"0":{"start":{"line":1,"column":0},"end":{"line":1,"column":65}},"1":{"start":{"line":3,"column":0},"end":{"line":3,"column":13}},"2":{"start":{"line":5,"column":2},"end":{"line":5,"column":null}},"3":{"start":{"line":8,"column":2},"end":{"line":8,"column":null}},"4":{"start":{"line":12,"column":2},"end":{"line":12,"column":null}}},"fnMap":{},"branchMap":{},"s":{"0":2,"1":2,"2":2,"3":2,"4":2},"f":{},"b":{}}
,"C:\\Users\\Silvia Subirana\\Documents\\uniHealthA\\backend\\src\\clinical-records\\dto\\update-clinical-record.dto.ts": {"path":"C:\\Users\\Silvia Subirana\\Documents\\uniHealthA\\backend\\src\\clinical-records\\dto\\update-clinical-record.dto.ts","statementMap":{"0":{"start":{"line":1,"column":0},"end":{"line":1,"column":51}},"1":{"start":{"line":2,"column":0},"end":{"line":2,"column":71}},"2":{"start":{"line":4,"column":0},"end":{"line":4,"column":13}}},"fnMap":{},"branchMap":{},"s":{"0":0,"1":0,"2":0},"f":{},"b":{}}
,"C:\\Users\\Silvia Subirana\\Documents\\uniHealthA\\backend\\src\\clinical-records\\entities\\clinical-record.entity.ts": {"path":"C:\\Users\\Silvia Subirana\\Documents\\uniHealthA\\backend\\src\\clinical-records\\entities\\clinical-record.entity.ts","statementMap":{"0":{"start":{"line":1,"column":0},"end":{"line":1,"column":13}}},"fnMap":{},"branchMap":{},"s":{"0":0},"f":{},"b":{}}
,"C:\\Users\\Silvia Subirana\\Documents\\uniHealthA\\backend\\src\\medical-history\\medical-history.controller.ts": {"path":"C:\\Users\\Silvia Subirana\\Documents\\uniHealthA\\backend\\src\\medical-history\\medical-history.controller.ts","statementMap":{"0":{"start":{"line":1,"column":0},"end":{"line":1,"column":null}},"1":{"start":{"line":15,"column":0},"end":{"line":15,"column":66}},"2":{"start":{"line":16,"column":0},"end":{"line":16,"column":45}},"3":{"start":{"line":17,"column":0},"end":{"line":17,"column":null}},"4":{"start":{"line":33,"column":7},"end":{"line":287,"column":null}},"5":{"start":{"line":35,"column":21},"end":{"line":35,"column":44}},"6":{"start":{"line":44,"column":4},"end":{"line":44,"column":67}},"7":{"start":{"line":53,"column":4},"end":{"line":57,"column":6}},"8":{"start":{"line":65,"column":4},"end":{"line":68,"column":6}},"9":{"start":{"line":73,"column":4},"end":{"line":73,"column":67}},"10":{"start":{"line":82,"column":4},"end":{"line":82,"column":71}},"11":{"start":{"line":87,"column":4},"end":{"line":87,"column":70}},"12":{"start":{"line":92,"column":4},"end":{"line":92,"column":66}},"13":{"start":{"line":101,"column":4},"end":{"line":101,"column":71}},"14":{"start":{"line":109,"column":4},"end":{"line":112,"column":6}},"15":{"start":{"line":117,"column":4},"end":{"line":117,"column":74}},"16":{"start":{"line":126,"column":4},"end":{"line":126,"column":78}},"17":{"start":{"line":131,"column":4},"end":{"line":131,"column":73}},"18":{"start":{"line":140,"column":4},"end":{"line":140,"column":74}},"19":{"start":{"line":148,"column":4},"end":{"line":152,"column":6}},"20":{"start":{"line":160,"column":4},"end":{"line":164,"column":6}},"21":{"start":{"line":169,"column":4},"end":{"line":169,"column":77}},"22":{"start":{"line":178,"column":4},"end":{"line":182,"column":6}},"23":{"start":{"line":187,"column":4},"end":{"line":190,"column":6}},"24":{"start":{"line":195,"column":4},"end":{"line":195,"column":76}},"25":{"start":{"line":204,"column":4},"end":{"line":204,"column":77}},"26":{"start":{"line":212,"column":4},"end":{"line":215,"column":6}},"27":{"start":{"line":223,"column":4},"end":{"line":226,"column":6}},"28":{"start":{"line":235,"column":4},"end":{"line":239,"column":6}},"29":{"start":{"line":244,"column":4},"end":{"line":247,"column":6}},"30":{"start":{"line":256,"column":4},"end":{"line":256,"column":73}},"31":{"start":{"line":264,"column":4},"end":{"line":267,"column":6}},"32":{"start":{"line":276,"column":4},"end":{"line":280,"column":6}},"33":{"start":{"line":285,"column":4},"end":{"line":285,"column":75}},"34":{"start":{"line":33,"column":13},"end":{"line":33,"column":37}},"35":{"start":{"line":43,"column":2},"end":{"line":45,"column":null}},"36":{"start":{"line":48,"column":2},"end":{"line":58,"column":null}},"37":{"start":{"line":61,"column":2},"end":{"line":69,"column":null}},"38":{"start":{"line":72,"column":2},"end":{"line":74,"column":null}},"39":{"start":{"line":77,"column":2},"end":{"line":83,"column":null}},"40":{"start":{"line":86,"column":2},"end":{"line":88,"column":null}},"41":{"start":{"line":91,"column":2},"end":{"line":93,"column":null}},"42":{"start":{"line":100,"column":2},"end":{"line":102,"column":null}},"43":{"start":{"line":105,"column":2},"end":{"line":113,"column":null}},"44":{"start":{"line":116,"column":2},"end":{"line":118,"column":null}},"45":{"start":{"line":121,"column":2},"end":{"line":127,"column":null}},"46":{"start":{"line":130,"column":2},"end":{"line":132,"column":null}},"47":{"start":{"line":139,"column":2},"end":{"line":141,"column":null}},"48":{"start":{"line":144,"column":2},"end":{"line":153,"column":null}},"49":{"start":{"line":156,"column":2},"end":{"line":165,"column":null}},"50":{"start":{"line":168,"column":2},"end":{"line":170,"column":null}},"51":{"start":{"line":173,"column":2},"end":{"line":183,"column":null}},"52":{"start":{"line":186,"column":2},"end":{"line":191,"column":null}},"53":{"start":{"line":194,"column":2},"end":{"line":196,"column":null}},"54":{"start":{"line":203,"column":2},"end":{"line":205,"column":null}},"55":{"start":{"line":208,"column":2},"end":{"line":216,"column":null}},"56":{"start":{"line":219,"column":2},"end":{"line":227,"column":null}},"57":{"start":{"line":230,"column":2},"end":{"line":240,"column":null}},"58":{"start":{"line":243,"column":2},"end":{"line":248,"column":null}},"59":{"start":{"line":255,"column":2},"end":{"line":257,"column":null}},"60":{"start":{"line":260,"column":2},"end":{"line":268,"column":null}},"61":{"start":{"line":271,"column":2},"end":{"line":281,"column":null}},"62":{"start":{"line":284,"column":2},"end":{"line":286,"column":null}},"63":{"start":{"line":33,"column":13},"end":{"line":287,"column":null}}},"fnMap":{"0":{"name":"(anonymous_4)","decl":{"start":{"line":34,"column":2},"end":{"line":34,"column":null}},"loc":{"start":{"line":35,"column":65},"end":{"line":36,"column":6}}},"1":{"name":"(anonymous_5)","decl":{"start":{"line":43,"column":2},"end":{"line":43,"column":8}},"loc":{"start":{"line":43,"column":61},"end":{"line":45,"column":3}}},"2":{"name":"(anonymous_6)","decl":{"start":{"line":48,"column":2},"end":{"line":48,"column":9}},"loc":{"start":{"line":51,"column":18},"end":{"line":58,"column":3}}},"3":{"name":"(anonymous_7)","decl":{"start":{"line":61,"column":2},"end":{"line":61,"column":16}},"loc":{"start":{"line":63,"column":18},"end":{"line":69,"column":3}}},"4":{"name":"(anonymous_8)","decl":{"start":{"line":72,"column":2},"end":{"line":72,"column":9}},"loc":{"start":{"line":72,"column":63},"end":{"line":74,"column":3}}},"5":{"name":"(anonymous_9)","decl":{"start":{"line":77,"column":2},"end":{"line":77,"column":8}},"loc":{"start":{"line":80,"column":18},"end":{"line":83,"column":3}}},"6":{"name":"(anonymous_10)","decl":{"start":{"line":86,"column":2},"end":{"line":86,"column":12}},"loc":{"start":{"line":86,"column":66},"end":{"line":88,"column":3}}},"7":{"name":"(anonymous_11)","decl":{"start":{"line":91,"column":2},"end":{"line":91,"column":8}},"loc":{"start":{"line":91,"column":62},"end":{"line":93,"column":3}}},"8":{"name":"(anonymous_12)","decl":{"start":{"line":100,"column":2},"end":{"line":100,"column":12}},"loc":{"start":{"line":100,"column":58},"end":{"line":102,"column":3}}},"9":{"name":"(anonymous_13)","decl":{"start":{"line":105,"column":2},"end":{"line":105,"column":15}},"loc":{"start":{"line":107,"column":18},"end":{"line":113,"column":3}}},"10":{"name":"(anonymous_14)","decl":{"start":{"line":116,"column":2},"end":{"line":116,"column":16}},"loc":{"start":{"line":116,"column":70},"end":{"line":118,"column":3}}},"11":{"name":"(anonymous_15)","decl":{"start":{"line":121,"column":2},"end":{"line":121,"column":15}},"loc":{"start":{"line":124,"column":18},"end":{"line":127,"column":3}}},"12":{"name":"(anonymous_16)","decl":{"start":{"line":130,"column":2},"end":{"line":130,"column":15}},"loc":{"start":{"line":130,"column":69},"end":{"line":132,"column":3}}},"13":{"name":"(anonymous_17)","decl":{"start":{"line":139,"column":2},"end":{"line":139,"column":15}},"loc":{"start":{"line":139,"column":64},"end":{"line":141,"column":3}}},"14":{"name":"(anonymous_18)","decl":{"start":{"line":144,"column":2},"end":{"line":144,"column":17}},"loc":{"start":{"line":146,"column":18},"end":{"line":153,"column":3}}},"15":{"name":"(anonymous_19)","decl":{"start":{"line":156,"column":2},"end":{"line":156,"column":23}},"loc":{"start":{"line":158,"column":18},"end":{"line":165,"column":3}}},"16":{"name":"(anonymous_20)","decl":{"start":{"line":168,"column":2},"end":{"line":168,"column":19}},"loc":{"start":{"line":168,"column":73},"end":{"line":170,"column":3}}},"17":{"name":"(anonymous_21)","decl":{"start":{"line":173,"column":2},"end":{"line":173,"column":18}},"loc":{"start":{"line":176,"column":18},"end":{"line":183,"column":3}}},"18":{"name":"(anonymous_22)","decl":{"start":{"line":186,"column":2},"end":{"line":186,"column":22}},"loc":{"start":{"line":186,"column":76},"end":{"line":191,"column":3}}},"19":{"name":"(anonymous_23)","decl":{"start":{"line":194,"column":2},"end":{"line":194,"column":18}},"loc":{"start":{"line":194,"column":72},"end":{"line":196,"column":3}}},"20":{"name":"(anonymous_24)","decl":{"start":{"line":203,"column":2},"end":{"line":203,"column":18}},"loc":{"start":{"line":203,"column":70},"end":{"line":205,"column":3}}},"21":{"name":"(anonymous_25)","decl":{"start":{"line":208,"column":2},"end":{"line":208,"column":19}},"loc":{"start":{"line":210,"column":18},"end":{"line":216,"column":3}}},"22":{"name":"(anonymous_26)","decl":{"start":{"line":219,"column":2},"end":{"line":219,"column":22}},"loc":{"start":{"line":221,"column":18},"end":{"line":227,"column":3}}},"23":{"name":"(anonymous_27)","decl":{"start":{"line":230,"column":2},"end":{"line":230,"column":21}},"loc":{"start":{"line":233,"column":18},"end":{"line":240,"column":3}}},"24":{"name":"(anonymous_28)","decl":{"start":{"line":243,"column":2},"end":{"line":243,"column":21}},"loc":{"start":{"line":243,"column":75},"end":{"line":248,"column":3}}},"25":{"name":"(anonymous_29)","decl":{"start":{"line":255,"column":2},"end":{"line":255,"column":14}},"loc":{"start":{"line":255,"column":62},"end":{"line":257,"column":3}}},"26":{"name":"(anonymous_30)","decl":{"start":{"line":260,"column":2},"end":{"line":260,"column":15}},"loc":{"start":{"line":262,"column":18},"end":{"line":268,"column":3}}},"27":{"name":"(anonymous_31)","decl":{"start":{"line":271,"column":2},"end":{"line":271,"column":17}},"loc":{"start":{"line":274,"column":18},"end":{"line":281,"column":3}}},"28":{"name":"(anonymous_32)","decl":{"start":{"line":284,"column":2},"end":{"line":284,"column":17}},"loc":{"start":{"line":284,"column":71},"end":{"line":286,"column":3}}}},"branchMap":{"0":{"loc":{"start":{"line":43,"column":22},"end":{"line":43,"column":48}},"type":"cond-expr","locations":[{"start":{"line":43,"column":45},"end":{"line":43,"column":48}},{"start":{"line":43,"column":45},"end":{"li
[...]
,"C:\\Users\\Silvia Subirana\\Documents\\uniHealthA\\backend\\src\\prisma\\prisma.service.ts": {"path":"C:\\Users\\Silvia Subirana\\Documents\\uniHealthA\\backend\\src\\prisma\\prisma.service.ts","statementMap":{"0":{"start":{"line":1,"column":0},"end":{"line":1,"column":58}},"1":{"start":{"line":2,"column":0},"end":{"line":2,"column":46}},"2":{"start":{"line":5,"column":7},"end":{"line":13,"column":null}},"3":{"start":{"line":7,"column":4},"end":{"line":7,"column":26}},"4":{"start":{"line":11,"column":4},"end":{"line":11,"column":29}},"5":{"start":{"line":5,"column":13},"end":{"line":5,"column":26}},"6":{"start":{"line":5,"column":13},"end":{"line":13,"column":null}}},"fnMap":{"0":{"name":"(anonymous_1)","decl":{"start":{"line":6,"column":2},"end":{"line":6,"column":7}},"loc":{"start":{"line":6,"column":20},"end":{"line":8,"column":3}}},"1":{"name":"(anonymous_2)","decl":{"start":{"line":10,"column":2},"end":{"line":10,"column":7}},"loc":{"start":{"line":10,"column":23},"end":{"line":12,"column":3}}}},"branchMap":{},"s":{"0":28,"1":28,"2":28,"3":1,"4":1,"5":28,"6":28},"f":{"0":1,"1":1},"b":{}}
,"C:\\Users\\Silvia Subirana\\Documents\\uniHealthA\\backend\\src\\queue\\queue.module.ts": {"path":"C:\\Users\\Silvia Subirana\\Documents\\uniHealthA\\backend\\src\\queue\\queue.module.ts","statementMap":{"0":{"start":{"line":1,"column":0},"end":{"line":1,"column":40}},"1":{"start":{"line":2,"column":0},"end":{"line":2,"column":44}},"2":{"start":{"line":3,"column":0},"end":{"line":3,"column":61}},"3":{"start":{"line":19,"column":7},"end":{"line":19,"column":null}},"4":{"start":{"line":19,"column":13},"end":{"line":19,"column":24}},"5":{"start":{"line":19,"column":13},"end":{"line":19,"column":null}},"6":{"start":{"line":9,"column":59},"end":{"line":14,"column":8}}},"fnMap":{"0":{"name":"(anonymous_1)","decl":{"start":{"line":9,"column":18},"end":{"line":9,"column":23}},"loc":{"start":{"line":9,"column":59},"end":{"line":14,"column":8}}}},"branchMap":{},"s":{"0":1,"1":1,"2":1,"3":1,"4":1,"5":1,"6":1},"f":{"0":1},"b":{}}
,"C:\\Users\\Silvia Subirana\\Documents\\uniHealthA\\backend\\src\\users\\users.controller.ts": {"path":"C:\\Users\\Silvia Subirana\\Documents\\uniHealthA\\backend\\src\\users\\users.controller.ts","statementMap":{"0":{"start":{"line":1,"column":0},"end":{"line":1,"column":94}},"1":{"start":{"line":2,"column":0},"end":{"line":2,"column":47}},"2":{"start":{"line":3,"column":0},"end":{"line":3,"column":54}},"3":{"start":{"line":4,"column":0},"end":{"line":4,"column":54}},"4":{"start":{"line":5,"column":0},"end":{"line":5,"column":45}},"5":{"start":{"line":9,"column":7},"end":{"line":36,"column":null}},"6":{"start":{"line":10,"column":31},"end":{"line":10,"column":45}},"7":{"start":{"line":14,"column":4},"end":{"line":14,"column":51}},"8":{"start":{"line":19,"column":4},"end":{"line":19,"column":39}},"9":{"start":{"line":24,"column":4},"end":{"line":24,"column":42}},"10":{"start":{"line":29,"column":4},"end":{"line":29,"column":56}},"11":{"start":{"line":34,"column":4},"end":{"line":34,"column":41}},"12":{"start":{"line":9,"column":13},"end":{"line":9,"column":28}},"13":{"start":{"line":13,"column":2},"end":{"line":15,"column":null}},"14":{"start":{"line":18,"column":2},"end":{"line":20,"column":null}},"15":{"start":{"line":23,"column":2},"end":{"line":25,"column":null}},"16":{"start":{"line":28,"column":2},"end":{"line":30,"column":null}},"17":{"start":{"line":33,"column":2},"end":{"line":35,"column":null}},"18":{"start":{"line":9,"column":13},"end":{"line":36,"column":null}}},"fnMap":{"0":{"name":"(anonymous_4)","decl":{"start":{"line":10,"column":2},"end":{"line":10,"column":31}},"loc":{"start":{"line":10,"column":57},"end":{"line":10,"column":61}}},"1":{"name":"(anonymous_5)","decl":{"start":{"line":13,"column":2},"end":{"line":13,"column":8}},"loc":{"start":{"line":13,"column":45},"end":{"line":15,"column":3}}},"2":{"name":"(anonymous_6)","decl":{"start":{"line":18,"column":2},"end":{"line":18,"column":9}},"loc":{"start":{"line":18,"column":9},"end":{"line":20,"column":3}}},"3":{"name":"(anonymous_7)","decl":{"start":{"line":23,"column":2},"end":{"line":23,"column":9}},"loc":{"start":{"line":23,"column":33},"end":{"line":25,"column":3}}},"4":{"name":"(anonymous_8)","decl":{"start":{"line":28,"column":2},"end":{"line":28,"column":8}},"loc":{"start":{"line":28,"column":70},"end":{"line":30,"column":3}}},"5":{"name":"(anonymous_9)","decl":{"start":{"line":33,"column":2},"end":{"line":33,"column":8}},"loc":{"start":{"line":33,"column":32},"end":{"line":35,"column":3}}}},"branchMap":{"0":{"loc":{"start":{"line":13,"column":32},"end":{"line":13,"column":null}},"type":"cond-expr","locations":[{"start":{"line":13,"column":45},"end":{"line":13,"column":null}},{"start":{"line":13,"column":45},"end":{"line":13,"column":null}}]},"1":{"loc":{"start":{"line":13,"column":32},"end":{"line":13,"column":45}},"type":"binary-expr","locations":[{"start":{"line":13,"column":32},"end":{"line":13,"column":null}},{"start":{"line":13,"column":32},"end":{"line":13,"column":45}}]},"2":{"loc":{"start":{"line":28,"column":57},"end":{"line":28,"column":null}},"type":"cond-expr","locations":[{"start":{"line":28,"column":70},"end":{"line":28,"column":null}},{"start":{"line":28,"column":70},"end":{"line":28,"column":null}}]},"3":{"loc":{"start":{"line":28,"column":57},"end":{"line":28,"column":70}},"type":"binary-expr","locations":[{"start":{"line":28,"column":57},"end":{"line":28,"column":null}},{"start":{"line":28,"column":57},"end":{"line":28,"column":70}}]},"4":{"loc":{"start":{"line":10,"column":45},"end":{"line":10,"column":60}},"type":"cond-expr","locations":[{"start":{"line":10,"column":57},"end":{"line":10,"column":60}},{"start":{"line":10,"column":57},"end":{"line":10,"column":60}}]},"5":{"loc":{"start":{"line":10,"column":45},"end":{"line":10,"column":57}},"type":"binary-expr","locations":[{"start":{"line":10,"column":45},"end":{"line":10,"column":60}},{"start":{"line":10,"column":45},"end":{"line":10,"column":57}}]}},"s":{"0":2,"1":2,"2":2,"3":2,"4":2,"5":2,"6":7,"7":1,"8":1,"9":1,"10":1,"11":1,"12":2,"13":2,"14":2,"15":2,"16":2,"17":2,"18":2},"f":{"0":7,"1":1,"2":1,"3":1,"4":1,"5":1},"b":{"0":[2,0],"1":[2,2],"2":[2,0],"3":[2,2],"4":[2,0],"5":[2,2]}}
,"C:\\Users\\Silvia Subirana\\Documents\\uniHealthA\\backend\\src\\users\\users.module.ts": {"path":"C:\\Users\\Silvia Subirana\\Documents\\uniHealthA\\backend\\src\\users\\users.module.ts","statementMap":{"0":{"start":{"line":1,"column":0},"end":{"line":1,"column":40}},"1":{"start":{"line":2,"column":0},"end":{"line":2,"column":47}},"2":{"start":{"line":3,"column":0},"end":{"line":3,"column":53}},"3":{"start":{"line":10,"column":7},"end":{"line":10,"column":null}},"4":{"start":{"line":10,"column":13},"end":{"line":10,"column":24}},"5":{"start":{"line":10,"column":13},"end":{"line":10,"column":null}}},"fnMap":{},"branchMap":{},"s":{"0":1,"1":1,"2":1,"3":1,"4":1,"5":1},"f":{},"b":{}}
,"C:\\Users\\Silvia Subirana\\Documents\\uniHealthA\\backend\\src\\users\\users.service.ts": {"path":"C:\\Users\\Silvia Subirana\\Documents\\uniHealthA\\backend\\src\\users\\users.service.ts","statementMap":{"0":{"start":{"line":1,"column":0},"end":{"line":1,"column":44}},"1":{"start":{"line":4,"column":0},"end":{"line":4,"column":57}},"2":{"start":{"line":5,"column":0},"end":{"line":5,"column":33}},"3":{"start":{"line":8,"column":7},"end":{"line":68,"column":null}},"4":{"start":{"line":9,"column":22},"end":{"line":9,"column":30}},"5":{"start":{"line":12,"column":27},"end":{"line":12,"column":72}},"6":{"start":{"line":15,"column":21},"end":{"line":15,"column":49}},"7":{"start":{"line":16,"column":17},"end":{"line":16,"column":81}},"8":{"start":{"line":18,"column":4},"end":{"line":20,"column":5}},"9":{"start":{"line":19,"column":6},"end":{"line":19,"column":54}},"10":{"start":{"line":22,"column":4},"end":{"line":31,"column":7}},"11":{"start":{"line":35,"column":4},"end":{"line":37,"column":7}},"12":{"start":{"line":41,"column":4},"end":{"line":44,"column":7}},"13":{"start":{"line":48,"column":4},"end":{"line":51,"column":7}},"14":{"start":{"line":55,"column":4},"end":{"line":60,"column":7}},"15":{"start":{"line":64,"column":4},"end":{"line":66,"column":7}},"16":{"start":{"line":8,"column":13},"end":{"line":8,"column":25}},"17":{"start":{"line":8,"column":13},"end":{"line":68,"column":null}}},"fnMap":{"0":{"name":"(anonymous_11)","decl":{"start":{"line":9,"column":2},"end":{"line":9,"column":22}},"loc":{"start":{"line":9,"column":43},"end":{"line":9,"column":47}}},"1":{"name":"(anonymous_12)","decl":{"start":{"line":11,"column":2},"end":{"line":11,"column":7}},"loc":{"start":{"line":11,"column":43},"end":{"line":32,"column":3}}},"2":{"name":"(anonymous_13)","decl":{"start":{"line":34,"column":2},"end":{"line":34,"column":9}},"loc":{"start":{"line":34,"column":9},"end":{"line":38,"column":3}}},"3":{"name":"(anonymous_14)","decl":{"start":{"line":40,"column":2},"end":{"line":40,"column":9}},"loc":{"start":{"line":40,"column":20},"end":{"line":45,"column":3}}},"4":{"name":"(anonymous_15)","decl":{"start":{"line":47,"column":2},"end":{"line":47,"column":13}},"loc":{"start":{"line":47,"column":27},"end":{"line":52,"column":3}}},"5":{"name":"(anonymous_16)","decl":{"start":{"line":54,"column":2},"end":{"line":54,"column":8}},"loc":{"start":{"line":54,"column":49},"end":{"line":61,"column":3}}},"6":{"name":"(anonymous_17)","decl":{"start":{"line":63,"column":2},"end":{"line":63,"column":8}},"loc":{"start":{"line":63,"column":19},"end":{"line":67,"column":3}}}},"branchMap":{"0":{"loc":{"start":{"line":15,"column":21},"end":{"line":15,"column":49}},"type":"binary-expr","locations":[{"start":{"line":15,"column":21},"end":{"line":15,"column":39}},{"start":{"line":15,"column":43},"end":{"line":15,"column":49}}]},"1":{"loc":{"start":{"line":18,"column":4},"end":{"line":20,"column":5}},"type":"if","locations":[{"start":{"line":18,"column":4},"end":{"line":20,"column":5}},{"start":{},"end":{}}]},"2":{"loc":{"start":{"line":9,"column":30},"end":{"line":9,"column":46}},"type":"cond-expr","locations":[{"start":{"line":9,"column":43},"end":{"line":9,"column":46}},{"start":{"line":9,"column":43},"end":{"line":9,"column":46}}]},"3":{"loc":{"start":{"line":9,"column":30},"end":{"line":9,"column":43}},"type":"binary-expr","locations":[{"start":{"line":9,"column":30},"end":{"line":9,"column":46}},{"start":{"line":9,"column":30},"end":{"line":9,"column":43}}]}},"s":{"0":6,"1":6,"2":6,"3":6,"4":8,"5":1,"6":1,"7":1,"8":1,"9":0,"10":1,"11":1,"12":1,"13":1,"14":1,"15":1,"16":6,"17":6},"f":{"0":8,"1":1,"2":1,"3":1,"4":1,"5":1,"6":1},"b":{"0":[1,1],"1":[0,1],"2":[6,0],"3":[6,6]}}
,"C:\\Users\\Silvia Subirana\\Documents\\uniHealthA\\backend\\src\\users\\dto\\create-user.dto.ts": {"path":"C:\\Users\\Silvia Subirana\\Documents\\uniHealthA\\backend\\src\\users\\dto\\create-user.dto.ts","statementMap":{"0":{"start":{"line":1,"column":0},"end":{"line":1,"column":87}},"1":{"start":{"line":3,"column":0},"end":{"line":3,"column":13}},"2":{"start":{"line":6,"column":2},"end":{"line":6,"column":null}},"3":{"start":{"line":11,"column":2},"end":{"line":11,"column":null}},"4":{"start":{"line":15,"column":2},"end":{"line":15,"column":null}},"5":{"start":{"line":19,"column":2},"end":{"line":19,"column":17}}},"fnMap":{},"branchMap":{},"s":{"0":3,"1":3,"2":3,"3":3,"4":3,"5":3},"f":{},"b":{}}
,"C:\\Users\\Silvia Subirana\\Documents\\uniHealthA\\backend\\src\\users\\dto\\update-user.dto.ts": {"path":"C:\\Users\\Silvia Subirana\\Documents\\uniHealthA\\backend\\src\\users\\dto\\update-user.dto.ts","statementMap":{"0":{"start":{"line":1,"column":0},"end":{"line":1,"column":51}},"1":{"start":{"line":2,"column":0},"end":{"line":2,"column":50}},"2":{"start":{"line":3,"column":0},"end":{"line":3,"column":56}},"3":{"start":{"line":5,"column":0},"end":{"line":5,"column":13}},"4":{"start":{"line":8,"column":2},"end":{"line":8,"column":null}}},"fnMap":{},"branchMap":{},"s":{"0":2,"1":2,"2":2,"3":2,"4":2},"f":{},"b":{}}
,"C:\\Users\\Silvia Subirana\\Documents\\uniHealthA\\backend\\src\\users\\entities\\user.entity.ts": {"path":"C:\\Users\\Silvia Subirana\\Documents\\uniHealthA\\backend\\src\\users\\entities\\user.entity.ts","statementMap":{"0":{"start":{"line":1,"column":0},"end":{"line":1,"column":13}}},"fnMap":{},"branchMap":{},"s":{"0":0},"f":{},"b":{}}
,"C:\\Users\\Silvia Subirana\\Documents\\uniHealthA\\backend\\src\\vitals\\vitals.controller.ts": {"path":"C:\\Users\\Silvia Subirana\\Documents\\uniHealthA\\backend\\src\\vitals\\vitals.controller.ts","statementMap":{"0":{"start":{"line":1,"column":0},"end":{"line":1,"column":103}},"1":{"start":{"line":2,"column":0},"end":{"line":2,"column":49}},"2":{"start":{"line":3,"column":0},"end":{"line":3,"column":56}},"3":{"start":{"line":5,"column":0},"end":{"line":5,"column":45}},"4":{"start":{"line":9,"column":7},"end":{"line":25,"column":null}},"5":{"start":{"line":10,"column":31},"end":{"line":10,"column":46}},"6":{"start":{"line":14,"column":4},"end":{"line":14,"column":70}},"7":{"start":{"line":19,"column":4},"end":{"line":19,"column":59}},"8":{"start":{"line":23,"column":4},"end":{"line":23,"column":64}},"9":{"start":{"line":9,"column":13},"end":{"line":9,"column":29}},"10":{"start":{"line":13,"column":2},"end":{"line":15,"column":null}},"11":{"start":{"line":18,"column":2},"end":{"line":20,"column":null}},"12":{"start":{"line":22,"column":2},"end":{"line":24,"column":null}},"13":{"start":{"line":9,"column":13},"end":{"line":25,"column":null}}},"fnMap":{"0":{"name":"(anonymous_4)","decl":{"start":{"line":10,"column":2},"end":{"line":10,"column":31}},"loc":{"start":{"line":10,"column":59},"end":{"line":10,"column":63}}},"1":{"name":"(anonymous_5)","decl":{"start":{"line":13,"column":2},"end":{"line":13,"column":8}},"loc":{"start":{"line":13,"column":63},"end":{"line":15,"column":3}}},"2":{"name":"(anonymous_6)","decl":{"start":{"line":18,"column":2},"end":{"line":18,"column":18}},"loc":{"start":{"line":18,"column":56},"end":{"line":20,"column":3}}},"3":{"name":"(anonymous_7)","decl":{"start":{"line":22,"column":2},"end":{"line":22,"column":15}},"loc":{"start":{"line":22,"column":30},"end":{"line":24,"column":3}}}},"branchMap":{"0":{"loc":{"start":{"line":13,"column":33},"end":{"line":13,"column":50}},"type":"cond-expr","locations":[{"start":{"line":13,"column":47},"end":{"line":13,"column":50}},{"start":{"line":13,"column":47},"end":{"line":13,"column":50}}]},"1":{"loc":{"start":{"line":13,"column":33},"end":{"line":13,"column":47}},"type":"binary-expr","locations":[{"start":{"line":13,"column":33},"end":{"line":13,"column":50}},{"start":{"line":13,"column":33},"end":{"line":13,"column":47}}]},"2":{"loc":{"start":{"line":10,"column":46},"end":{"line":10,"column":62}},"type":"cond-expr","locations":[{"start":{"line":10,"column":59},"end":{"line":10,"column":62}},{"start":{"line":10,"column":59},"end":{"line":10,"column":62}}]},"3":{"loc":{"start":{"line":10,"column":46},"end":{"line":10,"column":59}},"type":"binary-expr","locations":[{"start":{"line":10,"column":46},"end":{"line":10,"column":62}},{"start":{"line":10,"column":46},"end":{"line":10,"column":59}}]}},"s":{"0":2,"1":2,"2":2,"3":2,"4":2,"5":5,"6":1,"7":1,"8":1,"9":2,"10":2,"11":2,"12":2,"13":2},"f":{"0":5,"1":1,"2":1,"3":1},"b":{"0":[2,0],"1":[2,2],"2":[2,0],"3":[2,2]}}
,"C:\\Users\\Silvia Subirana\\Documents\\uniHealthA\\backend\\src\\vitals\\vitals.module.ts": {"path":"C:\\Users\\Silvia Subirana\\Documents\\uniHealthA\\backend\\src\\vitals\\vitals.module.ts","statementMap":{"0":{"start":{"line":1,"column":0},"end":{"line":1,"column":40}},"1":{"start":{"line":2,"column":0},"end":{"line":2,"column":49}},"2":{"start":{"line":3,"column":0},"end":{"line":3,"column":55}},"3":{"start":{"line":9,"column":7},"end":{"line":9,"column":null}},"4":{"start":{"line":9,"column":13},"end":{"line":9,"column":25}},"5":{"start":{"line":9,"column":13},"end":{"line":9,"column":null}}},"fnMap":{},"branchMap":{},"s":{"0":1,"1":1,"2":1,"3":1,"4":1,"5":1},"f":{},"b":{}}
,"C:\\Users\\Silvia Subirana\\Documents\\uniHealthA\\backend\\src\\vitals\\vitals.service.ts": {"path":"C:\\Users\\Silvia Subirana\\Documents\\uniHealthA\\backend\\src\\vitals\\vitals.service.ts","statementMap":{"0":{"start":{"line":1,"column":0},"end":{"line":1,"column":44}},"1":{"start":{"line":4,"column":0},"end":{"line":4,"column":57}},"2":{"start":{"line":7,"column":7},"end":{"line":33,"column":null}},"3":{"start":{"line":8,"column":22},"end":{"line":8,"column":30}},"4":{"start":{"line":11,"column":4},"end":{"line":21,"column":7}},"5":{"start":{"line":25,"column":4},"end":{"line":31,"column":7}},"6":{"start":{"line":7,"column":13},"end":{"line":7,"column":26}},"7":{"start":{"line":7,"column":13},"end":{"line":33,"column":null}}},"fnMap":{"0":{"name":"(anonymous_2)","decl":{"start":{"line":8,"column":2},"end":{"line":8,"column":22}},"loc":{"start":{"line":8,"column":43},"end":{"line":8,"column":47}}},"1":{"name":"(anonymous_3)","decl":{"start":{"line":10,"column":2},"end":{"line":10,"column":8}},"loc":{"start":{"line":10,"column":62},"end":{"line":22,"column":3}}},"2":{"name":"(anonymous_4)","decl":{"start":{"line":24,"column":2},"end":{"line":24,"column":18}},"loc":{"start":{"line":24,"column":36},"end":{"line":32,"column":3}}}},"branchMap":{"0":{"loc":{"start":{"line":8,"column":30},"end":{"line":8,"column":46}},"type":"cond-expr","locations":[{"start":{"line":8,"column":43},"end":{"line":8,"column":46}},{"start":{"line":8,"column":43},"end":{"line":8,"column":46}}]},"1":{"loc":{"start":{"line":8,"column":30},"end":{"line":8,"column":43}},"type":"binary-expr","locations":[{"start":{"line":8,"column":30},"end":{"line":8,"column":46}},{"start":{"line":8,"column":30},"end":{"line":8,"column":43}}]}},"s":{"0":3,"1":3,"2":3,"3":4,"4":1,"5":1,"6":3,"7":3},"f":{"0":4,"1":1,"2":1},"b":{"0":[3,0],"1":[3,3]}}
,"C:\\Users\\Silvia Subirana\\Documents\\uniHealthA\\backend\\src\\vitals\\dto\\create-vital.dto.ts": {"path":"C:\\Users\\Silvia Subirana\\Documents\\uniHealthA\\backend\\src\\vitals\\dto\\create-vital.dto.ts","statementMap":{"0":{"start":{"line":1,"column":0},"end":{"line":1,"column":55}},"1":{"start":{"line":3,"column":0},"end":{"line":3,"column":13}},"2":{"start":{"line":5,"column":2},"end":{"line":5,"column":null}},"3":{"start":{"line":9,"column":2},"end":{"line":9,"column":null}},"4":{"start":{"line":13,"column":2},"end":{"line":13,"column":null}},"5":{"start":{"line":17,"column":2},"end":{"line":17,"column":null}},"6":{"start":{"line":21,"column":2},"end":{"line":21,"column":null}},"7":{"start":{"line":25,"column":2},"end":{"line":25,"column":null}}},"fnMap":{},"branchMap":{},"s":{"0":2,"1":2,"2":2,"3":2,"4":2,"5":2,"6":2,"7":2},"f":{},"b":{}}
,"C:\\Users\\Silvia Subirana\\Documents\\uniHealthA\\backend\\src\\vitals\\dto\\update-vital.dto.ts": {"path":"C:\\Users\\Silvia Subirana\\Documents\\uniHealthA\\backend\\src\\vitals\\dto\\update-vital.dto.ts","statementMap":{"0":{"start":{"line":1,"column":0},"end":{"line":1,"column":51}},"1":{"start":{"line":2,"column":0},"end":{"line":2,"column":52}},"2":{"start":{"line":4,"column":0},"end":{"line":4,"column":13}}},"fnMap":{},"branchMap":{},"s":{"0":0,"1":0,"2":0},"f":{},"b":{}}
,"C:\\Users\\Silvia Subirana\\Documents\\uniHealthA\\backend\\src\\vitals\\entities\\vital.entity.ts": {"path":"C:\\Users\\Silvia Subirana\\Documents\\uniHealthA\\backend\\src\\vitals\\entities\\vital.entity.ts","statementMap":{"0":{"start":{"line":1,"column":0},"end":{"line":1,"column":13}}},"fnMap":{},"branchMap":{},"s":{"0":0},"f":{},"b":{}}
}
