TN:
SF:src\app.controller.ts
FN:6,(anonymous_2)
FN:9,(anonymous_3)
FNF:2
FNH:2
FNDA:1,(anonymous_2)
FNDA:1,(anonymous_3)
DA:1,1
DA:2,1
DA:5,1
DA:6,1
DA:9,1
DA:10,1
LF:6
LH:6
BRDA:6,0,0,1
BRDA:6,0,1,0
BRDA:6,1,0,1
BRDA:6,1,1,1
BRF:4
BRH:3
end_of_record
TN:
SF:src\app.module.ts
FNF:0
FNH:0
DA:1,1
DA:2,1
DA:3,1
DA:4,1
DA:5,1
DA:6,1
DA:7,1
DA:8,1
DA:9,1
DA:10,1
DA:11,1
DA:12,1
DA:13,1
DA:14,1
DA:15,1
DA:16,1
DA:17,1
DA:18,1
DA:19,1
DA:20,1
DA:21,1
DA:22,1
DA:71,1
LF:23
LH:23
BRDA:29,0,0,0
BRDA:29,0,1,1
BRDA:30,1,0,0
BRDA:30,1,1,1
BRF:4
BRH:2
end_of_record
TN:
SF:src\app.service.ts
FN:5,(anonymous_1)
FNF:1
FNH:1
FNDA:1,(anonymous_1)
DA:1,1
DA:4,1
DA:6,1
LF:3
LH:3
BRF:0
BRH:0
end_of_record
TN:
SF:src\access\access.controller.ts
FN:8,(anonymous_4)
FN:11,(anonymous_5)
FN:16,(anonymous_6)
FN:21,(anonymous_7)
FNF:4
FNH:1
FNDA:1,(anonymous_4)
FNDA:0,(anonymous_5)
FNDA:0,(anonymous_6)
FNDA:0,(anonymous_7)
DA:1,1
DA:2,1
DA:3,1
DA:7,1
DA:8,1
DA:11,1
DA:12,0
DA:16,1
DA:17,0
DA:21,1
DA:23,0
LF:11
LH:8
BRDA:8,0,0,1
BRDA:8,0,1,0
BRDA:8,1,0,1
BRDA:8,1,1,1
BRF:4
BRH:3
end_of_record
TN:
SF:src\access\access.module.ts
FNF:0
FNH:0
DA:1,1
DA:2,1
DA:3,1
DA:4,1
DA:12,1
LF:5
LH:5
BRF:0
BRH:0
end_of_record
TN:
SF:src\access\access.service.ts
FN:7,(anonymous_11)
FN:9,(anonymous_12)
FN:52,(anonymous_13)
FN:65,(anonymous_14)
FNF:4
FNH:1
FNDA:1,(anonymous_11)
FNDA:0,(anonymous_12)
FNDA:0,(anonymous_13)
FNDA:0,(anonymous_14)
DA:1,3
DA:2,3
DA:3,3
DA:6,3
DA:7,1
DA:11,0
DA:12,0
DA:13,0
DA:16,0
DA:17,0
DA:18,0
DA:23,0
DA:31,0
DA:32,0
DA:42,0
DA:53,0
DA:66,0
DA:74,0
DA:75,0
DA:77,0
DA:78,0
DA:80,0
LF:22
LH:5
BRDA:12,0,0,0
BRDA:12,0,1,0
BRDA:12,1,0,0
BRDA:12,1,1,0
BRDA:17,2,0,0
BRDA:17,2,1,0
BRDA:31,3,0,0
BRDA:31,3,1,0
BRDA:74,4,0,0
BRDA:74,4,1,0
BRDA:75,5,0,0
BRDA:75,5,1,0
BRDA:75,6,0,0
BRDA:75,6,1,0
BRDA:7,7,0,3
BRDA:7,7,1,0
BRDA:7,8,0,3
BRDA:7,8,1,3
BRF:18
BRH:3
end_of_record
TN:
SF:src\alerts\alerts.controller.ts
FN:10,(anonymous_4)
FN:13,(anonymous_5)
FN:18,(anonymous_6)
FN:23,(anonymous_7)
FN:28,(anonymous_8)
FN:33,(anonymous_9)
FNF:6
FNH:6
FNDA:7,(anonymous_4)
FNDA:1,(anonymous_5)
FNDA:1,(anonymous_6)
FNDA:1,(anonymous_7)
FNDA:1,(anonymous_8)
FNDA:1,(anonymous_9)
DA:1,3
DA:2,3
DA:3,3
DA:4,3
DA:5,3
DA:9,3
DA:10,7
DA:13,3
DA:14,1
DA:18,3
DA:19,1
DA:23,3
DA:24,1
DA:28,3
DA:29,1
DA:33,3
DA:34,1
LF:17
LH:17
BRDA:13,0,0,3
BRDA:13,0,1,0
BRDA:13,1,0,3
BRDA:13,1,1,3
BRDA:28,2,0,3
BRDA:28,2,1,0
BRDA:28,3,0,3
BRDA:28,3,1,3
BRDA:10,4,0,3
BRDA:10,4,1,0
BRDA:10,5,0,3
BRDA:10,5,1,3
BRF:12
BRH:9
end_of_record
TN:
SF:src\alerts\alerts.module.ts
FNF:0
FNH:0
DA:1,2
DA:2,2
DA:3,2
DA:4,2
DA:15,2
LF:5
LH:5
BRF:0
BRH:0
end_of_record
TN:
SF:src\alerts\alerts.service.ts
FN:10,(anonymous_4)
FN:15,(anonymous_5)
FN:48,(anonymous_6)
FN:55,(anonymous_7)
FN:62,(anonymous_8)
FN:73,(anonymous_9)
FNF:6
FNH:6
FNDA:7,(anonymous_4)
FNDA:1,(anonymous_5)
FNDA:1,(anonymous_6)
FNDA:1,(anonymous_7)
FNDA:1,(anonymous_8)
FNDA:1,(anonymous_9)
DA:1,4
DA:4,4
DA:5,4
DA:6,4
DA:9,4
DA:11,7
DA:12,7
DA:16,1
DA:17,1
DA:30,1
DA:34,1
DA:41,1
DA:43,0
DA:44,0
DA:49,1
DA:56,1
DA:63,1
DA:74,1
LF:18
LH:16
BRDA:30,0,0,1
BRDA:30,0,1,0
BRDA:68,1,0,1
BRDA:68,1,1,0
BRDA:11,2,0,4
BRDA:11,2,1,0
BRDA:11,3,0,4
BRDA:11,3,1,4
BRDA:11,4,0,4
BRDA:11,4,1,0
BRDA:11,5,0,4
BRDA:11,5,1,4
BRF:12
BRH:8
end_of_record
TN:
SF:src\alerts\dto\create-alert.dto.ts
FNF:0
FNH:0
DA:1,3
DA:3,3
DA:5,3
DA:8,3
DA:12,3
DA:16,3
DA:20,3
LF:7
LH:7
BRF:0
BRH:0
end_of_record
TN:
SF:src\alerts\dto\update-alert.dto.ts
FNF:0
FNH:0
DA:1,3
DA:2,3
DA:4,3
LF:3
LH:3
BRF:0
BRH:0
end_of_record
TN:
SF:src\alerts\entities\alert.entity.ts
FNF:0
FNH:0
DA:1,0
LF:1
LH:0
BRF:0
BRH:0
end_of_record
TN:
SF:src\appointments\appointments.controller.ts
FN:10,(anonymous_4)
FN:13,(anonymous_5)
FN:18,(anonymous_6)
FN:23,(anonymous_7)
FN:28,(anonymous_8)
FNF:5
FNH:5
FNDA:6,(anonymous_4)
FNDA:1,(anonymous_5)
FNDA:1,(anonymous_6)
FNDA:1,(anonymous_7)
FNDA:1,(anonymous_8)
DA:1,2
DA:2,2
DA:3,2
DA:4,2
DA:5,2
DA:9,2
DA:10,6
DA:13,2
DA:14,1
DA:18,2
DA:19,1
DA:23,2
DA:24,1
DA:28,2
DA:29,1
LF:15
LH:15
BRDA:13,0,0,2
BRDA:13,0,1,0
BRDA:13,1,0,2
BRDA:13,1,1,2
BRDA:28,2,0,2
BRDA:28,2,1,0
BRDA:28,3,0,2
BRDA:28,3,1,2
BRDA:10,4,0,2
BRDA:10,4,1,0
BRDA:10,5,0,2
BRDA:10,5,1,2
BRF:12
BRH:9
end_of_record
TN:
SF:src\appointments\appointments.module.ts
FNF:0
FNH:0
DA:1,1
DA:2,1
DA:3,1
DA:9,1
LF:4
LH:4
BRF:0
BRH:0
end_of_record
TN:
SF:src\appointments\appointments.service.ts
FN:8,(anonymous_2)
FN:10,(anonymous_3)
FN:44,(anonymous_4)
FN:51,(anonymous_5)
FN:58,(anonymous_6)
FNF:5
FNH:5
FNDA:7,(anonymous_2)
FNDA:2,(anonymous_3)
FNDA:1,(anonymous_4)
FNDA:1,(anonymous_5)
FNDA:1,(anonymous_6)
DA:1,3
DA:4,3
DA:7,3
DA:8,7
DA:11,2
DA:12,2
DA:15,2
DA:26,2
DA:27,1
DA:30,1
DA:45,1
DA:52,1
DA:59,1
LF:13
LH:13
BRDA:26,0,0,1
BRDA:26,0,1,1
BRDA:8,1,0,3
BRDA:8,1,1,0
BRDA:8,2,0,3
BRDA:8,2,1,3
BRF:6
BRH:5
end_of_record
TN:
SF:src\appointments\dto\create-appointment.dto.ts
FNF:0
FNH:0
DA:1,2
DA:3,2
DA:5,2
DA:8,2
DA:11,2
DA:14,2
DA:17,2
DA:21,2
LF:8
LH:8
BRF:0
BRH:0
end_of_record
TN:
SF:src\appointments\dto\update-appointment.dto.ts
FNF:0
FNH:0
DA:1,2
DA:2,2
DA:4,2
LF:3
LH:3
BRF:0
BRH:0
end_of_record
TN:
SF:src\appointments\entities\appointment.entity.ts
FNF:0
FNH:0
DA:1,0
LF:1
LH:0
BRF:0
BRH:0
end_of_record
TN:
SF:src\attachments\attachments.controller.ts
FN:13,(anonymous_4)
FN:25,(anonymous_5)
FN:30,(anonymous_6)
FN:19,(anonymous_7)
FN:20,(anonymous_8)
FNF:5
FNH:3
FNDA:5,(anonymous_4)
FNDA:1,(anonymous_5)
FNDA:2,(anonymous_6)
FNDA:0,(anonymous_7)
FNDA:0,(anonymous_8)
DA:1,2
DA:2,2
DA:3,2
DA:4,2
DA:5,2
DA:6,2
DA:7,2
DA:8,2
DA:12,2
DA:13,5
DA:20,0
DA:21,0
DA:25,2
DA:26,1
DA:30,2
DA:31,2
DA:32,2
DA:33,1
DA:35,1
DA:36,1
DA:40,1
LF:21
LH:19
BRDA:32,0,0,1
BRDA:32,0,1,1
BRDA:25,1,0,0
BRDA:25,1,1,2
BRDA:25,2,0,2
BRDA:25,2,1,0
BRDA:25,2,2,0
BRDA:13,3,0,2
BRDA:13,3,1,0
BRDA:13,4,0,2
BRDA:13,4,1,2
BRF:11
BRH:7
end_of_record
TN:
SF:src\attachments\attachments.module.ts
FNF:0
FNH:0
DA:1,1
DA:2,1
DA:3,1
DA:9,1
LF:4
LH:4
BRF:0
BRH:0
end_of_record
TN:
SF:src\attachments\attachments.service.ts
FN:6,(anonymous_2)
FN:8,(anonymous_3)
FN:23,(anonymous_4)
FNF:3
FNH:3
FNDA:4,(anonymous_2)
FNDA:1,(anonymous_3)
FNDA:1,(anonymous_4)
DA:1,3
DA:2,3
DA:5,3
DA:6,4
DA:9,1
DA:24,1
LF:6
LH:6
BRDA:6,0,0,3
BRDA:6,0,1,0
BRDA:6,1,0,3
BRDA:6,1,1,3
BRF:4
BRH:3
end_of_record
TN:
SF:src\attachments\dto\create-attachment.dto.ts
FNF:0
FNH:0
DA:1,0
LF:1
LH:0
BRF:0
BRH:0
end_of_record
TN:
SF:src\attachments\dto\update-attachment.dto.ts
FNF:0
FNH:0
DA:1,0
DA:2,0
DA:4,0
LF:3
LH:0
BRF:0
BRH:0
end_of_record
TN:
SF:src\attachments\entities\attachment.entity.ts
FNF:0
FNH:0
DA:1,0
LF:1
LH:0
BRF:0
BRH:0
end_of_record
TN:
SF:src\audit\audit.interceptor.ts
FN:8,(anonymous_2)
FN:10,(anonymous_3)
FN:20,(anonymous_4)
FNF:3
FNH:3
FNDA:2,(anonymous_2)
FNDA:2,(anonymous_3)
FNDA:1,(anonymous_4)
DA:1,2
DA:3,2
DA:4,2
DA:7,2
DA:8,2
DA:11,2
DA:12,2
DA:15,2
DA:16,1
DA:19,1
DA:21,1
DA:22,1
DA:23,1
DA:24,1
DA:27,1
DA:29,1
LF:16
LH:16
BRDA:15,0,0,1
BRDA:15,0,1,1
BRDA:27,1,0,1
BRDA:27,1,1,0
BRDA:27,2,0,0
BRDA:27,2,1,0
BRDA:27,3,0,0
BRDA:27,3,1,0
BRDA:30,4,0,1
BRDA:30,4,1,0
BRDA:8,5,0,2
BRDA:8,5,1,0
BRDA:8,6,0,2
BRDA:8,6,1,2
BRF:14
BRH:7
end_of_record
TN:
SF:src\audit\audit.module.ts
FNF:0
FNH:0
DA:1,1
DA:2,1
DA:8,1
LF:3
LH:3
BRF:0
BRH:0
end_of_record
TN:
SF:src\audit\audit.service.ts
FN:6,(anonymous_2)
FN:8,(anonymous_3)
FNF:2
FNH:2
FNDA:4,(anonymous_2)
FNDA:2,(anonymous_3)
DA:1,3
DA:2,3
DA:5,3
DA:6,4
DA:9,2
DA:10,2
DA:21,1
LF:7
LH:7
BRDA:16,0,0,2
BRDA:16,0,1,0
BRDA:6,1,0,3
BRDA:6,1,1,0
BRDA:6,2,0,3
BRDA:6,2,1,3
BRF:6
BRH:4
end_of_record
TN:
SF:src\auth\auth.controller.ts
FN:8,(anonymous_4)
FN:12,(anonymous_5)
FN:17,(anonymous_6)
FNF:3
FNH:3
FNDA:4,(anonymous_4)
FNDA:1,(anonymous_5)
FNDA:1,(anonymous_6)
DA:1,2
DA:2,2
DA:3,2
DA:4,2
DA:7,2
DA:8,4
DA:12,2
DA:13,1
DA:17,2
DA:18,1
LF:10
LH:10
BRDA:17,0,0,2
BRDA:17,0,1,0
BRDA:17,1,0,2
BRDA:17,1,1,2
BRDA:8,2,0,2
BRDA:8,2,1,0
BRDA:8,3,0,2
BRDA:8,3,1,2
BRF:8
BRH:6
end_of_record
TN:
SF:src\auth\auth.module.ts
FN:17,(anonymous_1)
FNF:1
FNH:1
FNDA:1,(anonymous_1)
DA:1,1
DA:2,1
DA:3,1
DA:4,1
DA:5,1
DA:6,1
DA:7,1
DA:8,1
DA:9,1
DA:17,1
DA:28,1
LF:11
LH:11
BRDA:18,0,0,1
BRDA:18,0,1,0
BRF:2
BRH:1
end_of_record
TN:
SF:src\auth\auth.service.ts
FN:8,(anonymous_11)
FN:13,(anonymous_12)
FN:22,(anonymous_13)
FN:32,(anonymous_14)
FNF:4
FNH:4
FNDA:6,(anonymous_11)
FNDA:2,(anonymous_12)
FNDA:2,(anonymous_13)
FNDA:1,(anonymous_14)
DA:1,4
DA:2,4
DA:3,4
DA:4,4
DA:7,4
DA:9,6
DA:10,6
DA:14,2
DA:15,2
DA:16,1
DA:17,1
DA:19,1
DA:23,2
DA:24,2
DA:33,1
DA:34,1
LF:16
LH:16
BRDA:15,0,0,1
BRDA:15,0,1,1
BRDA:15,1,0,2
BRDA:15,1,1,1
BRDA:9,2,0,4
BRDA:9,2,1,0
BRDA:9,3,0,4
BRDA:9,3,1,4
BRDA:9,4,0,4
BRDA:9,4,1,0
BRDA:9,5,0,4
BRDA:9,5,1,4
BRF:12
BRH:10
end_of_record
TN:
SF:src\auth\strategies\jwt.strategy.ts
FN:8,(anonymous_2)
FN:16,(anonymous_3)
FNF:2
FNH:2
FNDA:3,(anonymous_2)
FNDA:1,(anonymous_3)
DA:1,2
DA:2,2
DA:3,2
DA:4,2
DA:7,2
DA:9,3
DA:17,1
LF:7
LH:7
BRDA:12,0,0,3
BRDA:12,0,1,0
BRDA:8,1,0,2
BRDA:8,1,1,0
BRDA:8,2,0,2
BRDA:8,2,1,2
BRF:6
BRH:4
end_of_record
TN:
SF:src\auth\strategies\local.strategy.ts
FN:9,(anonymous_2)
FN:13,(anonymous_3)
FNF:2
FNH:2
FNDA:4,(anonymous_2)
FNDA:2,(anonymous_3)
DA:2,2
DA:3,2
DA:4,2
DA:5,2
DA:8,2
DA:9,4
DA:10,4
DA:14,2
DA:15,2
DA:16,1
DA:18,1
LF:11
LH:11
BRDA:15,0,0,1
BRDA:15,0,1,1
BRDA:9,1,0,2
BRDA:9,1,1,0
BRDA:9,2,0,2
BRDA:9,2,1,2
BRF:6
BRH:5
end_of_record
TN:
SF:src\clinical-records\clinical-records.controller.ts
FN:10,(anonymous_4)
FN:13,(anonymous_5)
FN:18,(anonymous_6)
FN:23,(anonymous_7)
FN:28,(anonymous_8)
FNF:5
FNH:5
FNDA:6,(anonymous_4)
FNDA:1,(anonymous_5)
FNDA:1,(anonymous_6)
FNDA:1,(anonymous_7)
FNDA:1,(anonymous_8)
DA:1,2
DA:2,2
DA:3,2
DA:5,2
DA:9,2
DA:10,6
DA:13,2
DA:14,1
DA:18,2
DA:19,1
DA:23,2
DA:24,1
DA:28,2
DA:29,1
LF:14
LH:14
BRDA:13,0,0,2
BRDA:13,0,1,0
BRDA:13,1,0,2
BRDA:13,1,1,2
BRDA:10,2,0,2
BRDA:10,2,1,0
BRDA:10,3,0,2
BRDA:10,3,1,2
BRF:8
BRH:6
end_of_record
TN:
SF:src\clinical-records\clinical-records.module.ts
FNF:0
FNH:0
DA:1,1
DA:2,1
DA:3,1
DA:9,1
LF:4
LH:4
BRF:0
BRH:0
end_of_record
TN:
SF:src\clinical-records\clinical-records.service.ts
FN:8,(anonymous_2)
FN:10,(anonymous_3)
FN:21,(anonymous_4)
FN:32,(anonymous_5)
FNF:4
FNH:4
FNDA:5,(anonymous_2)
FNDA:1,(anonymous_3)
FNDA:1,(anonymous_4)
FNDA:1,(anonymous_5)
DA:1,3
DA:4,3
DA:7,3
DA:8,5
DA:11,1
DA:22,1
DA:33,1
LF:7
LH:7
BRDA:8,0,0,3
BRDA:8,0,1,0
BRDA:8,1,0,3
BRDA:8,1,1,3
BRF:4
BRH:3
end_of_record
TN:
SF:src\clinical-records\dto\create-clinical-record.dto.ts
FNF:0
FNH:0
DA:1,2
LF:1
LH:1
BRF:0
BRH:0
end_of_record
TN:
SF:src\clinical-records\dto\update-clinical-record.dto.ts
FNF:0
FNH:0
DA:1,0
DA:2,0
DA:4,0
LF:3
LH:0
BRF:0
BRH:0
end_of_record
TN:
SF:src\clinical-records\entities\clinical-record.entity.ts
FNF:0
FNH:0
DA:1,0
LF:1
LH:0
BRF:0
BRH:0
end_of_record
TN:
SF:src\medical-history\medical-history.controller.ts
FN:34,(anonymous_4)
FN:43,(anonymous_5)
FN:48,(anonymous_6)
FN:61,(anonymous_7)
FN:72,(anonymous_8)
FN:77,(anonymous_9)
FN:86,(anonymous_10)
FN:91,(anonymous_11)
FN:100,(anonymous_12)
FN:105,(anonymous_13)
FN:116,(anonymous_14)
FN:121,(anonymous_15)
FN:130,(anonymous_16)
FN:139,(anonymous_17)
FN:144,(anonymous_18)
FN:156,(anonymous_19)
FN:168,(anonymous_20)
FN:173,(anonymous_21)
FN:186,(anonymous_22)
FN:194,(anonymous_23)
FN:203,(anonymous_24)
FN:208,(anonymous_25)
FN:219,(anonymous_26)
FN:230,(anonymous_27)
FN:243,(anonymous_28)
FN:255,(anonymous_29)
FN:260,(anonymous_30)
FN:271,(anonymous_31)
FN:284,(anonymous_32)
FNF:29
FNH:20
FNDA:21,(anonymous_4)
FNDA:1,(anonymous_5)
FNDA:1,(anonymous_6)
FNDA:1,(anonymous_7)
FNDA:1,(anonymous_8)
FNDA:1,(anonymous_9)
FNDA:1,(anonymous_10)
FNDA:1,(anonymous_11)
FNDA:1,(anonymous_12)
FNDA:1,(anonymous_13)
FNDA:0,(anonymous_14)
FNDA:1,(anonymous_15)
FNDA:1,(anonymous_16)
FNDA:1,(anonymous_17)
FNDA:1,(anonymous_18)
FNDA:1,(anonymous_19)
FNDA:0,(anonymous_20)
FNDA:0,(anonymous_21)
FNDA:1,(anonymous_22)
FNDA:0,(anonymous_23)
FNDA:1,(anonymous_24)
FNDA:1,(anonymous_25)
FNDA:0,(anonymous_26)
FNDA:0,(anonymous_27)
FNDA:0,(anonymous_28)
FNDA:1,(anonymous_29)
FNDA:1,(anonymous_30)
FNDA:0,(anonymous_31)
FNDA:0,(anonymous_32)
DA:1,2
DA:15,2
DA:16,2
DA:17,2
DA:33,2
DA:35,21
DA:43,2
DA:44,1
DA:48,2
DA:53,1
DA:61,2
DA:65,1
DA:72,2
DA:73,1
DA:77,2
DA:82,1
DA:86,2
DA:87,1
DA:91,2
DA:92,1
DA:100,2
DA:101,1
DA:105,2
DA:109,1
DA:116,2
DA:117,0
DA:121,2
DA:126,1
DA:130,2
DA:131,1
DA:139,2
DA:140,1
DA:144,2
DA:148,1
DA:156,2
DA:160,1
DA:168,2
DA:169,0
DA:173,2
DA:178,0
DA:186,2
DA:187,1
DA:194,2
DA:195,0
DA:203,2
DA:204,1
DA:208,2
DA:212,1
DA:219,2
DA:223,0
DA:230,2
DA:235,0
DA:243,2
DA:244,0
DA:255,2
DA:256,1
DA:260,2
DA:264,1
DA:271,2
DA:276,0
DA:284,2
DA:285,0
LF:62
LH:53
BRDA:43,0,0,2
BRDA:43,0,1,0
BRDA:43,1,0,2
BRDA:43,1,1,2
BRDA:50,2,0,2
BRDA:50,2,1,0
BRDA:50,3,0,2
BRDA:50,3,1,2
BRDA:79,4,0,2
BRDA:79,4,1,0
BRDA:79,5,0,2
BRDA:79,5,1,2
BRDA:100,6,0,2
BRDA:100,6,1,0
BRDA:100,7,0,2
BRDA:100,7,1,2
BRDA:123,8,0,2
BRDA:123,8,1,0
BRDA:123,9,0,2
BRDA:123,9,1,2
BRDA:139,10,0,2
BRDA:139,10,1,0
BRDA:139,11,0,2
BRDA:139,11,1,2
BRDA:175,12,0,2
BRDA:175,12,1,0
BRDA:175,13,0,2
BRDA:175,13,1,2
BRDA:203,14,0,2
BRDA:203,14,1,0
BRDA:203,15,0,2
BRDA:203,15,1,2
BRDA:232,16,0,2
BRDA:232,16,1,0
BRDA:232,17,0,2
BRDA:232,17,1,2
BRDA:255,18,0,2
BRDA:255,18,1,0
BRDA:255,19,0,2
BRDA:255,19,1,2
BRDA:273,20,0,2
BRDA:273,20,1,0
BRDA:273,21,0,2
BRDA:273,21,1,2
BRDA:35,22,0,2
BRDA:35,22,1,0
BRDA:35,23,0,2
BRDA:35,23,1,2
BRF:48
BRH:36
end_of_record
TN:
SF:src\medical-history\medical-history.module.ts
FNF:0
FNH:0
DA:1,1
DA:2,1
DA:3,1
DA:4,1
DA:5,1
DA:12,1
LF:6
LH:6
BRF:0
BRH:0
end_of_record
TN:
SF:src\medical-history\medical-history.service.ts
FN:35,(anonymous_2)
FN:48,(anonymous_3)
FN:78,(anonymous_4)
FN:99,(anonymous_5)
FN:110,(anonymous_6)
FN:135,(anonymous_7)
FN:205,(anonymous_8)
FN:221,(anonymous_9)
FN:259,(anonymous_10)
FN:268,(anonymous_11)
FN:280,(anonymous_12)
FN:296,(anonymous_13)
FN:305,(anonymous_14)
FN:318,(anonymous_15)
FN:336,(anonymous_16)
FN:348,(anonymous_17)
FN:373,(anonymous_18)
FN:391,(anonymous_19)
FN:404,(anonymous_20)
FN:431,(anonymous_21)
FN:440,(anonymous_22)
FN:452,(anonymous_23)
FN:467,(anonymous_24)
FN:476,(anonymous_25)
FN:489,(anonymous_26)
FN:506,(anonymous_27)
FN:518,(anonymous_28)
FN:537,(anonymous_29)
FN:546,(anonymous_30)
FN:575,(anonymous_31)
FN:595,(anonymous_32)
FNF:31
FNH:23
FNDA:27,(anonymous_2)
FNDA:23,(anonymous_3)
FNDA:7,(anonymous_4)
FNDA:12,(anonymous_5)
FNDA:3,(anonymous_6)
FNDA:2,(anonymous_7)
FNDA:4,(anonymous_8)
FNDA:2,(anonymous_9)
FNDA:1,(anonymous_10)
FNDA:1,(anonymous_11)
FNDA:1,(anonymous_12)
FNDA:1,(anonymous_13)
FNDA:2,(anonymous_14)
FNDA:1,(anonymous_15)
FNDA:1,(anonymous_16)
FNDA:2,(anonymous_17)
FNDA:2,(anonymous_18)
FNDA:1,(anonymous_19)
FNDA:0,(anonymous_20)
FNDA:1,(anonymous_21)
FNDA:0,(anonymous_22)
FNDA:1,(anonymous_23)
FNDA:0,(anonymous_24)
FNDA:0,(anonymous_25)
FNDA:0,(anonymous_26)
FNDA:0,(anonymous_27)
FNDA:1,(anonymous_28)
FNDA:1,(anonymous_29)
FNDA:0,(anonymous_30)
FNDA:0,(anonymous_31)
FNDA:2,(anonymous_32)
DA:1,3
DA:8,3
DA:9,3
DA:23,3
DA:32,3
DA:33,27
DA:36,27
DA:37,27
DA:53,23
DA:54,19
DA:58,4
DA:62,4
DA:63,0
DA:64,0
DA:68,4
DA:69,0
DA:72,4
DA:83,7
DA:86,7
DA:89,2
DA:90,1
DA:103,12
DA:114,3
DA:117,3
DA:119,2
DA:131,2
DA:132,2
DA:140,2
DA:143,2
DA:146,2
DA:149,2
DA:150,1
DA:151,1
DA:152,1
DA:154,1
DA:155,0
DA:158,1
DA:162,2
DA:164,0
DA:165,0
DA:166,0
DA:169,0
DA:172,2
DA:173,0
DA:177,2
DA:178,2
DA:179,2
DA:182,2
DA:194,2
DA:206,4
DA:210,4
DA:211,1
DA:215,3
DA:216,3
DA:218,3
DA:227,2
DA:231,2
DA:232,1
DA:235,1
DA:238,1
DA:241,1
DA:242,0
DA:245,1
DA:260,1
DA:262,1
DA:269,1
DA:271,1
DA:281,1
DA:283,1
DA:285,1
DA:297,1
DA:299,1
DA:306,2
DA:310,2
DA:311,0
DA:314,2
DA:315,2
DA:323,1
DA:325,1
DA:337,1
DA:339,1
DA:349,2
DA:351,2
DA:354,2
DA:355,1
DA:356,1
DA:360,1
DA:378,2
DA:380,2
DA:381,2
DA:382,1
DA:385,2
DA:392,1
DA:396,1
DA:397,0
DA:400,1
DA:401,1
DA:409,0
DA:412,0
DA:413,0
DA:414,0
DA:418,0
DA:432,1
DA:434,1
DA:441,0
DA:443,0
DA:453,1
DA:455,1
DA:457,1
DA:468,0
DA:470,0
DA:477,0
DA:481,0
DA:482,0
DA:485,0
DA:486,0
DA:494,0
DA:496,0
DA:507,0
DA:509,0
DA:519,1
DA:521,1
DA:523,1
DA:538,1
DA:540,1
DA:551,0
DA:555,0
DA:556,0
DA:559,0
DA:561,0
DA:576,0
DA:580,0
DA:581,0
DA:584,0
DA:586,0
DA:599,2
DA:602,2
DA:605,2
DA:607,2
DA:608,1
DA:609,1
DA:610,1
DA:612,1
DA:613,0
DA:616,1
DA:621,2
DA:644,2
LF:147
LH:106
BRDA:53,0,0,19
BRDA:53,0,1,4
BRDA:62,1,0,0
BRDA:62,1,1,4
BRDA:68,2,0,0
BRDA:68,2,1,4
BRDA:86,3,0,5
BRDA:86,3,1,2
BRDA:89,4,0,1
BRDA:89,4,1,1
BRDA:125,5,0,2
BRDA:125,5,1,0
BRDA:149,6,0,1
BRDA:149,6,1,1
BRDA:151,7,0,1
BRDA:151,7,1,0
BRDA:152,8,0,0
BRDA:152,8,1,1
BRDA:154,9,0,0
BRDA:154,9,1,1
BRDA:162,10,0,0
BRDA:162,10,1,2
BRDA:164,11,0,0
BRDA:164,11,1,0
BRDA:165,12,0,0
BRDA:165,12,1,0
BRDA:172,13,0,0
BRDA:172,13,1,2
BRDA:177,14,0,2
BRDA:177,14,1,0
BRDA:178,15,0,2
BRDA:178,15,1,0
BRDA:188,16,0,2
BRDA:188,16,1,0
BRDA:188,17,0,2
BRDA:188,17,1,0
BRDA:210,18,0,1
BRDA:210,18,1,3
BRDA:231,19,0,1
BRDA:231,19,1,1
BRDA:241,20,0,0
BRDA:241,20,1,1
BRDA:241,21,0,1
BRDA:241,21,1,0
BRDA:251,22,0,0
BRDA:251,22,1,1
BRDA:310,23,0,0
BRDA:310,23,1,2
BRDA:354,24,0,1
BRDA:354,24,1,1
BRDA:354,25,0,2
BRDA:354,25,1,1
BRDA:355,26,0,1
BRDA:355,26,1,0
BRDA:366,27,0,0
BRDA:366,27,1,1
BRDA:367,28,0,0
BRDA:367,28,1,1
BRDA:368,29,0,1
BRDA:368,29,1,0
BRDA:376,30,0,0
BRDA:381,31,0,1
BRDA:381,31,1,1
BRDA:396,32,0,0
BRDA:396,32,1,1
BRDA:412,33,0,0
BRDA:412,33,1,0
BRDA:412,34,0,0
BRDA:412,34,1,0
BRDA:413,35,0,0
BRDA:413,35,1,0
BRDA:424,36,0,0
BRDA:424,36,1,0
BRDA:425,37,0,0
BRDA:425,37,1,0
BRDA:481,38,0,0
BRDA:481,38,1,0
BRDA:555,39,0,0
BRDA:555,39,1,0
BRDA:580,40,0,0
BRDA:580,40,1,0
BRDA:607,41,0,1
BRDA:607,41,1,1
BRDA:609,42,0,1
BRDA:609,42,1,0
BRDA:610,43,0,0
BRDA:610,43,1,1
BRDA:612,44,0,0
BRDA:612,44,1,1
BRDA:36,45,0,3
BRDA:36,45,1,0
BRDA:36,46,0,3
BRDA:36,46,1,3
BRDA:36,47,0,3
BRDA:36,47,1,0
BRDA:36,48,0,3
BRDA:36,48,1,3
BRF:97
BRH:50
end_of_record
TN:
SF:src\medical-history\dto\create-allergy.dto.ts
FNF:0
FNH:0
DA:1,2
DA:3,2
DA:5,2
DA:9,2
DA:13,2
DA:19,2
DA:23,2
LF:7
LH:7
BRF:0
BRH:0
end_of_record
TN:
SF:src\medical-history\dto\create-family-history.dto.ts
FNF:0
FNH:0
DA:1,2
DA:3,2
DA:5,2
DA:9,2
DA:13,2
DA:17,2
LF:6
LH:6
BRF:0
BRH:0
end_of_record
TN:
SF:src\medical-history\dto\create-lifestyle.dto.ts
FN:14,(anonymous_2)
FN:20,(anonymous_3)
FNF:2
FNH:0
FNDA:0,(anonymous_2)
FNDA:0,(anonymous_3)
DA:1,2
DA:2,2
DA:4,2
DA:6,2
DA:11,2
DA:14,0
DA:17,2
DA:20,0
DA:24,2
DA:29,2
DA:34,2
DA:39,2
DA:44,2
LF:13
LH:11
BRF:0
BRH:0
end_of_record
TN:
SF:src\medical-history\dto\create-medical-history.dto.ts
FNF:0
FNH:0
DA:1,2
DA:3,2
DA:5,2
DA:9,2
DA:13,2
DA:17,2
DA:21,2
DA:24,2
DA:28,2
LF:9
LH:9
BRF:0
BRH:0
end_of_record
TN:
SF:src\medical-history\dto\create-medication.dto.ts
FNF:0
FNH:0
DA:1,2
DA:3,2
DA:5,2
DA:9,2
DA:14,2
DA:19,2
DA:23,2
DA:27,2
DA:31,2
LF:9
LH:9
BRF:0
BRH:0
end_of_record
TN:
SF:src\medical-history\dto\index.ts
FN:2,(anonymous_0)
FN:3,(anonymous_1)
FN:4,(anonymous_2)
FN:5,(anonymous_3)
FN:6,(anonymous_4)
FN:7,(anonymous_5)
FN:8,(anonymous_6)
FN:9,(anonymous_7)
FN:10,(anonymous_8)
FN:11,(anonymous_9)
FN:12,(anonymous_10)
FNF:11
FNH:11
FNDA:4,(anonymous_0)
FNDA:4,(anonymous_1)
FNDA:4,(anonymous_2)
FNDA:4,(anonymous_3)
FNDA:4,(anonymous_4)
FNDA:4,(anonymous_5)
FNDA:4,(anonymous_6)
FNDA:4,(anonymous_7)
FNDA:4,(anonymous_8)
FNDA:4,(anonymous_9)
FNDA:4,(anonymous_10)
DA:2,6
DA:3,6
DA:4,6
DA:5,6
DA:6,6
DA:7,6
DA:8,6
DA:9,6
DA:10,6
DA:11,6
DA:12,6
LF:11
LH:11
BRF:0
BRH:0
end_of_record
TN:
SF:src\medical-history\dto\query-medical-history.dto.ts
FN:6,(anonymous_2)
FN:12,(anonymous_3)
FN:23,(anonymous_4)
FNF:3
FNH:0
FNDA:0,(anonymous_2)
FNDA:0,(anonymous_3)
FNDA:0,(anonymous_4)
DA:1,2
DA:2,2
DA:4,2
DA:6,0
DA:9,2
DA:12,0
DA:16,2
DA:20,2
DA:23,0
DA:25,2
DA:29,2
DA:33,2
LF:12
LH:9
BRF:0
BRH:0
end_of_record
TN:
SF:src\medical-history\dto\update-allergy.dto.ts
FNF:0
FNH:0
DA:1,2
DA:2,2
DA:4,2
LF:3
LH:3
BRF:0
BRH:0
end_of_record
TN:
SF:src\medical-history\dto\update-family-history.dto.ts
FNF:0
FNH:0
DA:1,2
DA:2,2
DA:4,2
LF:3
LH:3
BRF:0
BRH:0
end_of_record
TN:
SF:src\medical-history\dto\update-lifestyle.dto.ts
FNF:0
FNH:0
DA:1,2
DA:2,2
DA:4,2
LF:3
LH:3
BRF:0
BRH:0
end_of_record
TN:
SF:src\medical-history\dto\update-medical-history.dto.ts
FNF:0
FNH:0
DA:1,2
DA:2,2
DA:3,2
DA:5,2
DA:8,2
LF:5
LH:5
BRF:0
BRH:0
end_of_record
TN:
SF:src\medical-history\dto\update-medication.dto.ts
FNF:0
FNH:0
DA:1,2
DA:2,2
DA:4,2
LF:3
LH:3
BRF:0
BRH:0
end_of_record
TN:
SF:src\medical-history\interfaces\medical-history.interfaces.ts
FN:36,isAccessExpired
FN:41,hasPermissionForType
FNF:2
FNH:2
FNDA:4,isAccessExpired
FNDA:2,hasPermissionForType
DA:36,3
DA:37,4
DA:38,0
DA:41,3
DA:45,2
LF:5
LH:4
BRDA:37,0,0,4
BRDA:37,0,1,0
BRF:2
BRH:1
end_of_record
TN:
SF:src\notifications\notifications.controller.ts
FN:8,(anonymous_4)
FN:11,(anonymous_5)
FN:16,(anonymous_6)
FN:21,(anonymous_7)
FN:26,(anonymous_8)
FN:31,(anonymous_9)
FNF:6
FNH:6
FNDA:7,(anonymous_4)
FNDA:1,(anonymous_5)
FNDA:1,(anonymous_6)
FNDA:1,(anonymous_7)
FNDA:1,(anonymous_8)
FNDA:1,(anonymous_9)
DA:1,2
DA:2,2
DA:3,2
DA:4,2
DA:7,2
DA:8,7
DA:11,2
DA:12,1
DA:16,2
DA:17,1
DA:21,2
DA:22,1
DA:26,2
DA:27,1
DA:31,2
DA:32,1
LF:16
LH:16
BRDA:11,0,0,2
BRDA:11,0,1,0
BRDA:11,1,0,2
BRDA:11,1,1,2
BRDA:26,2,0,2
BRDA:26,2,1,0
BRDA:26,3,0,2
BRDA:26,3,1,2
BRDA:8,4,0,2
BRDA:8,4,1,0
BRDA:8,5,0,2
BRDA:8,5,1,2
BRF:12
BRH:9
end_of_record
TN:
SF:src\notifications\notifications.module.ts
FNF:0
FNH:0
DA:1,1
DA:2,1
DA:3,1
DA:4,1
DA:5,1
DA:16,1
LF:6
LH:6
BRF:0
BRH:0
end_of_record
TN:
SF:src\notifications\notifications.service.ts
FN:7,(anonymous_1)
FN:11,(anonymous_2)
FN:15,(anonymous_3)
FN:19,(anonymous_4)
FN:23,(anonymous_5)
FNF:5
FNH:0
FNDA:0,(anonymous_1)
FNDA:0,(anonymous_2)
FNDA:0,(anonymous_3)
FNDA:0,(anonymous_4)
FNDA:0,(anonymous_5)
DA:1,2
DA:6,2
DA:8,0
DA:12,0
DA:16,0
DA:20,0
DA:24,0
LF:7
LH:2
BRF:0
BRH:0
end_of_record
TN:
SF:src\notifications\consumers\alerts.consumer.ts
FN:6,(anonymous_1)
FN:11,(anonymous_2)
FNF:2
FNH:0
FNDA:0,(anonymous_1)
FNDA:0,(anonymous_2)
DA:1,1
DA:5,1
DA:7,0
DA:8,0
DA:11,0
DA:13,0
DA:14,0
LF:7
LH:2
BRF:0
BRH:0
end_of_record
TN:
SF:src\notifications\dto\create-notification.dto.ts
FNF:0
FNH:0
DA:1,2
LF:1
LH:1
BRF:0
BRH:0
end_of_record
TN:
SF:src\notifications\dto\update-notification.dto.ts
FNF:0
FNH:0
DA:1,2
DA:2,2
DA:4,2
LF:3
LH:3
BRF:0
BRH:0
end_of_record
TN:
SF:src\notifications\entities\notification.entity.ts
FNF:0
FNH:0
DA:1,0
LF:1
LH:0
BRF:0
BRH:0
end_of_record
TN:
SF:src\parameters\parameters.controller.ts
FN:8,(anonymous_4)
FN:11,(anonymous_5)
FN:16,(anonymous_6)
FN:21,(anonymous_7)
FNF:4
FNH:4
FNDA:5,(anonymous_4)
FNDA:1,(anonymous_5)
FNDA:1,(anonymous_6)
FNDA:1,(anonymous_7)
DA:1,2
DA:2,2
DA:3,2
DA:7,2
DA:8,5
DA:11,2
DA:12,1
DA:16,2
DA:17,1
DA:21,2
DA:22,1
LF:11
LH:11
BRDA:8,0,0,2
BRDA:8,0,1,0
BRDA:8,1,0,2
BRDA:8,1,1,2
BRF:4
BRH:3
end_of_record
TN:
SF:src\parameters\parameters.module.ts
FNF:0
FNH:0
DA:1,1
DA:2,1
DA:3,1
DA:9,1
LF:4
LH:4
BRF:0
BRH:0
end_of_record
TN:
SF:src\parameters\parameters.service.ts
FN:6,(anonymous_2)
FN:8,(anonymous_3)
FN:12,(anonymous_4)
FN:18,(anonymous_5)
FNF:4
FNH:4
FNDA:5,(anonymous_2)
FNDA:1,(anonymous_3)
FNDA:1,(anonymous_4)
FNDA:1,(anonymous_5)
DA:1,3
DA:2,3
DA:5,3
DA:6,5
DA:9,1
DA:13,1
DA:19,1
LF:7
LH:7
BRDA:6,0,0,3
BRDA:6,0,1,0
BRDA:6,1,0,3
BRDA:6,1,1,3
BRF:4
BRH:3
end_of_record
TN:
SF:src\parameters\dto\create-parameter.dto.ts
FNF:0
FNH:0
DA:1,0
LF:1
LH:0
BRF:0
BRH:0
end_of_record
TN:
SF:src\parameters\dto\update-parameter.dto.ts
FNF:0
FNH:0
DA:1,0
DA:2,0
DA:4,0
LF:3
LH:0
BRF:0
BRH:0
end_of_record
TN:
SF:src\parameters\entities\parameter.entity.ts
FNF:0
FNH:0
DA:1,0
LF:1
LH:0
BRF:0
BRH:0
end_of_record
TN:
SF:src\patients\patients.controller.ts
FN:10,(anonymous_4)
FN:13,(anonymous_5)
FN:18,(anonymous_6)
FN:23,(anonymous_7)
FN:28,(anonymous_8)
FN:33,(anonymous_9)
FN:38,(anonymous_10)
FNF:7
FNH:6
FNDA:7,(anonymous_4)
FNDA:1,(anonymous_5)
FNDA:1,(anonymous_6)
FNDA:1,(anonymous_7)
FNDA:1,(anonymous_8)
FNDA:0,(anonymous_9)
FNDA:1,(anonymous_10)
DA:1,2
DA:2,2
DA:3,2
DA:4,2
DA:5,2
DA:9,2
DA:10,7
DA:13,2
DA:14,1
DA:18,2
DA:19,1
DA:23,2
DA:24,1
DA:28,2
DA:29,1
DA:33,2
DA:34,0
DA:38,2
DA:39,1
LF:19
LH:18
BRDA:13,0,0,2
BRDA:13,0,1,0
BRDA:13,1,0,2
BRDA:13,1,1,2
BRDA:28,2,0,2
BRDA:28,2,1,0
BRDA:28,3,0,2
BRDA:28,3,1,2
BRDA:10,4,0,2
BRDA:10,4,1,0
BRDA:10,5,0,2
BRDA:10,5,1,2
BRF:12
BRH:9
end_of_record
TN:
SF:src\patients\patients.module.ts
FNF:0
FNH:0
DA:1,1
DA:2,1
DA:3,1
DA:9,1
LF:4
LH:4
BRF:0
BRH:0
end_of_record
TN:
SF:src\patients\patients.service.ts
FN:9,(anonymous_11)
FN:11,(anonymous_12)
FN:21,(anonymous_13)
FN:47,(anonymous_14)
FN:57,(anonymous_15)
FN:64,(anonymous_16)
FN:78,(anonymous_17)
FN:89,(anonymous_18)
FNF:8
FNH:7
FNDA:7,(anonymous_11)
FNDA:1,(anonymous_12)
FNDA:1,(anonymous_13)
FNDA:1,(anonymous_14)
FNDA:1,(anonymous_15)
FNDA:1,(anonymous_16)
FNDA:0,(anonymous_17)
FNDA:1,(anonymous_18)
DA:1,3
DA:4,3
DA:5,3
DA:8,3
DA:9,7
DA:15,1
DA:16,1
DA:19,1
DA:21,1
DA:23,1
DA:32,1
DA:43,1
DA:49,1
DA:58,1
DA:65,1
DA:67,1
DA:79,0
DA:90,1
LF:18
LH:17
BRDA:15,0,0,1
BRDA:15,0,1,0
BRDA:27,1,0,1
BRDA:27,1,1,0
BRDA:72,2,0,1
BRDA:72,2,1,0
BRDA:9,3,0,3
BRDA:9,3,1,0
BRDA:9,4,0,3
BRDA:9,4,1,3
BRF:10
BRH:6
end_of_record
TN:
SF:src\patients\dto\create-patient.dto.ts
FNF:0
FNH:0
DA:1,2
DA:3,2
DA:5,2
DA:8,2
DA:12,2
DA:16,2
DA:19,2
DA:23,2
LF:8
LH:8
BRF:0
BRH:0
end_of_record
TN:
SF:src\patients\dto\update-patient.dto.ts
FNF:0
FNH:0
DA:1,2
DA:2,2
DA:4,2
LF:3
LH:3
BRF:0
BRH:0
end_of_record
TN:
SF:src\patients\entities\patient.entity.ts
FNF:0
FNH:0
DA:1,0
LF:1
LH:0
BRF:0
BRH:0
end_of_record
TN:
SF:src\prisma\prisma.module.ts
FNF:0
FNH:0
DA:1,1
DA:2,1
DA:9,1
LF:3
LH:3
BRF:0
BRH:0
end_of_record
TN:
SF:src\prisma\prisma.service.ts
FN:6,(anonymous_1)
FN:10,(anonymous_2)
FNF:2
FNH:0
FNDA:0,(anonymous_1)
FNDA:0,(anonymous_2)
DA:1,25
DA:2,25
DA:5,25
DA:7,0
DA:11,0
LF:5
LH:3
BRF:0
BRH:0
end_of_record
TN:
SF:src\queue\queue.module.ts
FN:9,(anonymous_1)
FNF:1
FNH:1
FNDA:1,(anonymous_1)
DA:1,1
DA:2,1
DA:3,1
DA:9,1
DA:19,1
LF:5
LH:5
BRF:0
BRH:0
end_of_record
TN:
SF:src\users\users.controller.ts
FN:10,(anonymous_4)
FN:13,(anonymous_5)
FN:18,(anonymous_6)
FN:23,(anonymous_7)
FN:28,(anonymous_8)
FN:33,(anonymous_9)
FNF:6
FNH:6
FNDA:7,(anonymous_4)
FNDA:1,(anonymous_5)
FNDA:1,(anonymous_6)
FNDA:1,(anonymous_7)
FNDA:1,(anonymous_8)
FNDA:1,(anonymous_9)
DA:1,2
DA:2,2
DA:3,2
DA:4,2
DA:5,2
DA:9,2
DA:10,7
DA:13,2
DA:14,1
DA:18,2
DA:19,1
DA:23,2
DA:24,1
DA:28,2
DA:29,1
DA:33,2
DA:34,1
LF:17
LH:17
BRDA:13,0,0,2
BRDA:13,0,1,0
BRDA:13,1,0,2
BRDA:13,1,1,2
BRDA:28,2,0,2
BRDA:28,2,1,0
BRDA:28,3,0,2
BRDA:28,3,1,2
BRDA:10,4,0,2
BRDA:10,4,1,0
BRDA:10,5,0,2
BRDA:10,5,1,2
BRF:12
BRH:9
end_of_record
TN:
SF:src\users\users.module.ts
FNF:0
FNH:0
DA:1,1
DA:2,1
DA:3,1
DA:10,1
LF:4
LH:4
BRF:0
BRH:0
end_of_record
TN:
SF:src\users\users.service.ts
FN:9,(anonymous_11)
FN:11,(anonymous_12)
FN:31,(anonymous_13)
FN:37,(anonymous_14)
FN:44,(anonymous_15)
FN:51,(anonymous_16)
FN:60,(anonymous_17)
FNF:7
FNH:7
FNDA:8,(anonymous_11)
FNDA:1,(anonymous_12)
FNDA:1,(anonymous_13)
FNDA:1,(anonymous_14)
FNDA:1,(anonymous_15)
FNDA:1,(anonymous_16)
FNDA:1,(anonymous_17)
DA:1,6
DA:4,6
DA:5,6
DA:8,6
DA:9,8
DA:12,1
DA:16,1
DA:19,1
DA:21,1
DA:32,1
DA:38,1
DA:45,1
DA:52,1
DA:61,1
LF:14
LH:14
BRDA:19,0,0,1
BRDA:19,0,1,0
BRDA:9,1,0,6
BRDA:9,1,1,0
BRDA:9,2,0,6
BRDA:9,2,1,6
BRF:6
BRH:4
end_of_record
TN:
SF:src\users\dto\create-user.dto.ts
FNF:0
FNH:0
DA:1,3
LF:1
LH:1
BRF:0
BRH:0
end_of_record
TN:
SF:src\users\dto\update-user.dto.ts
FNF:0
FNH:0
DA:1,2
DA:2,2
DA:4,2
LF:3
LH:3
BRF:0
BRH:0
end_of_record
TN:
SF:src\users\entities\user.entity.ts
FNF:0
FNH:0
DA:1,0
LF:1
LH:0
BRF:0
BRH:0
end_of_record
TN:
SF:src\vitals\vitals.controller.ts
FN:10,(anonymous_4)
FN:13,(anonymous_5)
FN:18,(anonymous_6)
FN:22,(anonymous_7)
FNF:4
FNH:4
FNDA:5,(anonymous_4)
FNDA:1,(anonymous_5)
FNDA:1,(anonymous_6)
FNDA:1,(anonymous_7)
DA:1,2
DA:2,2
DA:3,2
DA:5,2
DA:9,2
DA:10,5
DA:13,2
DA:14,1
DA:18,2
DA:19,1
DA:22,2
DA:23,1
LF:12
LH:12
BRDA:13,0,0,2
BRDA:13,0,1,0
BRDA:13,1,0,2
BRDA:13,1,1,2
BRDA:10,2,0,2
BRDA:10,2,1,0
BRDA:10,3,0,2
BRDA:10,3,1,2
BRF:8
BRH:6
end_of_record
TN:
SF:src\vitals\vitals.module.ts
FNF:0
FNH:0
DA:1,1
DA:2,1
DA:3,1
DA:9,1
LF:4
LH:4
BRF:0
BRH:0
end_of_record
TN:
SF:src\vitals\vitals.service.ts
FN:8,(anonymous_2)
FN:10,(anonymous_3)
FN:24,(anonymous_4)
FNF:3
FNH:3
FNDA:4,(anonymous_2)
FNDA:1,(anonymous_3)
FNDA:1,(anonymous_4)
DA:1,3
DA:4,3
DA:7,3
DA:8,4
DA:11,1
DA:25,1
LF:6
LH:6
BRDA:8,0,0,3
BRDA:8,0,1,0
BRDA:8,1,0,3
BRDA:8,1,1,3
BRF:4
BRH:3
end_of_record
TN:
SF:src\vitals\dto\create-vital.dto.ts
FNF:0
FNH:0
DA:1,2
LF:1
LH:1
BRF:0
BRH:0
end_of_record
TN:
SF:src\vitals\dto\update-vital.dto.ts
FNF:0
FNH:0
DA:1,0
DA:2,0
DA:4,0
LF:3
LH:0
BRF:0
BRH:0
end_of_record
TN:
SF:src\vitals\entities\vital.entity.ts
FNF:0
FNH:0
DA:1,0
LF:1
LH:0
BRF:0
BRH:0
end_of_record
